Performing C++ SOURCE FILE Test CONCEPTS_BUILTIN failed with the following output:
Change Dir: /home/ghal/git/DATX05/pstclassifierseqan/src/build/release_w_debug/CMakeFiles/CMakeTmp

Run Build Command(s):/usr/bin/make cmTC_e174c/fast && /usr/bin/make -f CMakeFiles/cmTC_e174c.dir/build.make CMakeFiles/cmTC_e174c.dir/build
make[1]: Entering directory '/home/ghal/git/DATX05/pstclassifierseqan/src/build/release_w_debug/CMakeFiles/CMakeTmp'
Building CXX object CMakeFiles/cmTC_e174c.dir/src.cxx.o
/usr/bin/c++   -I/home/ghal/git/DATX05/pstclassifierseqan/seqan3/include -I/home/ghal/git/DATX05/pstclassifierseqan/seqan3/submodules/sdsl-lite/include -I/home/ghal/git/DATX05/pstclassifierseqan/seqan3/submodules/range-v3/include -I/home/ghal/git/DATX05/pstclassifierseqan/seqan3/submodules/cereal/include  -pthread -DCONCEPTS_BUILTIN  -pthread   -std=gnu++17 -o CMakeFiles/cmTC_e174c.dir/src.cxx.o -c /home/ghal/git/DATX05/pstclassifierseqan/src/build/release_w_debug/CMakeFiles/CMakeTmp/src.cxx
/home/ghal/git/DATX05/pstclassifierseqan/src/build/release_w_debug/CMakeFiles/CMakeTmp/src.cxx:1:16: error: ‘__cpp_concepts’ was not declared in this scope
    1 | static_assert (__cpp_concepts >= 201507);
      |                ^~~~~~~~~~~~~~
make[1]: *** [CMakeFiles/cmTC_e174c.dir/build.make:66: CMakeFiles/cmTC_e174c.dir/src.cxx.o] Error 1
make[1]: Leaving directory '/home/ghal/git/DATX05/pstclassifierseqan/src/build/release_w_debug/CMakeFiles/CMakeTmp'
make: *** [Makefile:121: cmTC_e174c/fast] Error 2


Source file was:
static_assert (__cpp_concepts >= 201507);
    int main() {}
Performing C++ SOURCE FILE Test CONCEPTS_FLAG-std=c++20 failed with the following output:
Change Dir: /home/ghal/git/DATX05/pstclassifierseqan/src/build/release_w_debug/CMakeFiles/CMakeTmp

Run Build Command(s):/usr/bin/make cmTC_0c7ce/fast && /usr/bin/make -f CMakeFiles/cmTC_0c7ce.dir/build.make CMakeFiles/cmTC_0c7ce.dir/build
make[1]: Entering directory '/home/ghal/git/DATX05/pstclassifierseqan/src/build/release_w_debug/CMakeFiles/CMakeTmp'
Building CXX object CMakeFiles/cmTC_0c7ce.dir/src.cxx.o
/usr/bin/c++   -I/home/ghal/git/DATX05/pstclassifierseqan/seqan3/include -I/home/ghal/git/DATX05/pstclassifierseqan/seqan3/submodules/sdsl-lite/include -I/home/ghal/git/DATX05/pstclassifierseqan/seqan3/submodules/range-v3/include -I/home/ghal/git/DATX05/pstclassifierseqan/seqan3/submodules/cereal/include  -pthread -DCONCEPTS_FLAG-std=c++20  -pthread -std=c++20   -std=gnu++17 -o CMakeFiles/cmTC_0c7ce.dir/src.cxx.o -c /home/ghal/git/DATX05/pstclassifierseqan/src/build/release_w_debug/CMakeFiles/CMakeTmp/src.cxx
c++: error: unrecognized command line option ‘-std=c++20’; did you mean ‘-std=c++2a’?
make[1]: *** [CMakeFiles/cmTC_0c7ce.dir/build.make:66: CMakeFiles/cmTC_0c7ce.dir/src.cxx.o] Error 1
make[1]: Leaving directory '/home/ghal/git/DATX05/pstclassifierseqan/src/build/release_w_debug/CMakeFiles/CMakeTmp'
make: *** [Makefile:121: cmTC_0c7ce/fast] Error 2


Source file was:
static_assert (__cpp_concepts >= 201507);
    int main() {}
Performing C++ SOURCE FILE Test CONCEPTS_FLAG-std=c++2a failed with the following output:
Change Dir: /home/ghal/git/DATX05/pstclassifierseqan/src/build/release_w_debug/CMakeFiles/CMakeTmp

Run Build Command(s):/usr/bin/make cmTC_bd011/fast && /usr/bin/make -f CMakeFiles/cmTC_bd011.dir/build.make CMakeFiles/cmTC_bd011.dir/build
make[1]: Entering directory '/home/ghal/git/DATX05/pstclassifierseqan/src/build/release_w_debug/CMakeFiles/CMakeTmp'
Building CXX object CMakeFiles/cmTC_bd011.dir/src.cxx.o
/usr/bin/c++   -I/home/ghal/git/DATX05/pstclassifierseqan/seqan3/include -I/home/ghal/git/DATX05/pstclassifierseqan/seqan3/submodules/sdsl-lite/include -I/home/ghal/git/DATX05/pstclassifierseqan/seqan3/submodules/range-v3/include -I/home/ghal/git/DATX05/pstclassifierseqan/seqan3/submodules/cereal/include  -pthread -DCONCEPTS_FLAG-std=c++2a  -pthread -std=c++2a   -std=gnu++17 -o CMakeFiles/cmTC_bd011.dir/src.cxx.o -c /home/ghal/git/DATX05/pstclassifierseqan/src/build/release_w_debug/CMakeFiles/CMakeTmp/src.cxx
<command-line>: warning: ISO C++11 requires whitespace after the macro name
/home/ghal/git/DATX05/pstclassifierseqan/src/build/release_w_debug/CMakeFiles/CMakeTmp/src.cxx:1:16: error: ‘__cpp_concepts’ was not declared in this scope
    1 | static_assert (__cpp_concepts >= 201507);
      |                ^~~~~~~~~~~~~~
make[1]: *** [CMakeFiles/cmTC_bd011.dir/build.make:66: CMakeFiles/cmTC_bd011.dir/src.cxx.o] Error 1
make[1]: Leaving directory '/home/ghal/git/DATX05/pstclassifierseqan/src/build/release_w_debug/CMakeFiles/CMakeTmp'
make: *** [Makefile:121: cmTC_bd011/fast] Error 2


Source file was:
static_assert (__cpp_concepts >= 201507);
    int main() {}
Performing C++ SOURCE FILE Test CONCEPTS_FLAG-std=c++20 failed with the following output:
Change Dir: /home/ghal/git/DATX05/pstclassifierseqan/src/build/release_w_debug/CMakeFiles/CMakeTmp

Run Build Command(s):/usr/bin/make cmTC_3a038/fast && /usr/bin/make -f CMakeFiles/cmTC_3a038.dir/build.make CMakeFiles/cmTC_3a038.dir/build
make[1]: Entering directory '/home/ghal/git/DATX05/pstclassifierseqan/src/build/release_w_debug/CMakeFiles/CMakeTmp'
Building CXX object CMakeFiles/cmTC_3a038.dir/src.cxx.o
/usr/bin/c++   -I/home/ghal/git/DATX05/pstclassifierseqan/seqan3/include -I/home/ghal/git/DATX05/pstclassifierseqan/seqan3/submodules/sdsl-lite/include -I/home/ghal/git/DATX05/pstclassifierseqan/seqan3/submodules/range-v3/include -I/home/ghal/git/DATX05/pstclassifierseqan/seqan3/submodules/cereal/include  -pthread -DCONCEPTS_FLAG-std=c++20  -pthread -std=c++20   -std=gnu++17 -o CMakeFiles/cmTC_3a038.dir/src.cxx.o -c /home/ghal/git/DATX05/pstclassifierseqan/src/build/release_w_debug/CMakeFiles/CMakeTmp/src.cxx
c++: error: unrecognized command line option ‘-std=c++20’; did you mean ‘-std=c++2a’?
make[1]: *** [CMakeFiles/cmTC_3a038.dir/build.make:66: CMakeFiles/cmTC_3a038.dir/src.cxx.o] Error 1
make[1]: Leaving directory '/home/ghal/git/DATX05/pstclassifierseqan/src/build/release_w_debug/CMakeFiles/CMakeTmp'
make: *** [Makefile:121: cmTC_3a038/fast] Error 2


Source file was:
static_assert (__cpp_concepts >= 201507);
    int main() {}
Performing C++ SOURCE FILE Test CONCEPTS_FLAG-std=c++2a failed with the following output:
Change Dir: /home/ghal/git/DATX05/pstclassifierseqan/src/build/release_w_debug/CMakeFiles/CMakeTmp

Run Build Command(s):/usr/bin/make cmTC_c4453/fast && /usr/bin/make -f CMakeFiles/cmTC_c4453.dir/build.make CMakeFiles/cmTC_c4453.dir/build
make[1]: Entering directory '/home/ghal/git/DATX05/pstclassifierseqan/src/build/release_w_debug/CMakeFiles/CMakeTmp'
Building CXX object CMakeFiles/cmTC_c4453.dir/src.cxx.o
/usr/bin/c++   -I/home/ghal/git/DATX05/pstclassifierseqan/seqan3/include -I/home/ghal/git/DATX05/pstclassifierseqan/seqan3/submodules/sdsl-lite/include -I/home/ghal/git/DATX05/pstclassifierseqan/seqan3/submodules/range-v3/include -I/home/ghal/git/DATX05/pstclassifierseqan/seqan3/submodules/cereal/include  -pthread -DCONCEPTS_FLAG-std=c++2a  -pthread -std=c++2a   -std=gnu++17 -o CMakeFiles/cmTC_c4453.dir/src.cxx.o -c /home/ghal/git/DATX05/pstclassifierseqan/src/build/release_w_debug/CMakeFiles/CMakeTmp/src.cxx
<command-line>: warning: ISO C++11 requires whitespace after the macro name
/home/ghal/git/DATX05/pstclassifierseqan/src/build/release_w_debug/CMakeFiles/CMakeTmp/src.cxx:1:16: error: ‘__cpp_concepts’ was not declared in this scope
    1 | static_assert (__cpp_concepts >= 201507);
      |                ^~~~~~~~~~~~~~
make[1]: *** [CMakeFiles/cmTC_c4453.dir/build.make:66: CMakeFiles/cmTC_c4453.dir/src.cxx.o] Error 1
make[1]: Leaving directory '/home/ghal/git/DATX05/pstclassifierseqan/src/build/release_w_debug/CMakeFiles/CMakeTmp'
make: *** [Makefile:121: cmTC_c4453/fast] Error 2


Source file was:
static_assert (__cpp_concepts >= 201507);
    int main() {}
Performing C++ SOURCE FILE Test CONCEPTS_FLAG-std=c++20 failed with the following output:
Change Dir: /home/ghal/git/DATX05/pstclassifierseqan/src/build/release_w_debug/CMakeFiles/CMakeTmp

Run Build Command(s):/usr/bin/make cmTC_6b6a0/fast && /usr/bin/make -f CMakeFiles/cmTC_6b6a0.dir/build.make CMakeFiles/cmTC_6b6a0.dir/build
make[1]: Entering directory '/home/ghal/git/DATX05/pstclassifierseqan/src/build/release_w_debug/CMakeFiles/CMakeTmp'
Building CXX object CMakeFiles/cmTC_6b6a0.dir/src.cxx.o
/usr/bin/c++   -I/home/ghal/git/DATX05/pstclassifierseqan/seqan3/include -I/home/ghal/git/DATX05/pstclassifierseqan/seqan3/submodules/sdsl-lite/include -I/home/ghal/git/DATX05/pstclassifierseqan/seqan3/submodules/range-v3/include -I/home/ghal/git/DATX05/pstclassifierseqan/seqan3/submodules/cereal/include  -pthread -DCONCEPTS_FLAG-std=c++20  -pthread -std=c++20   -std=gnu++17 -o CMakeFiles/cmTC_6b6a0.dir/src.cxx.o -c /home/ghal/git/DATX05/pstclassifierseqan/src/build/release_w_debug/CMakeFiles/CMakeTmp/src.cxx
c++: error: unrecognized command line option ‘-std=c++20’; did you mean ‘-std=c++2a’?
make[1]: *** [CMakeFiles/cmTC_6b6a0.dir/build.make:66: CMakeFiles/cmTC_6b6a0.dir/src.cxx.o] Error 1
make[1]: Leaving directory '/home/ghal/git/DATX05/pstclassifierseqan/src/build/release_w_debug/CMakeFiles/CMakeTmp'
make: *** [Makefile:121: cmTC_6b6a0/fast] Error 2


Source file was:
static_assert (__cpp_concepts >= 201507);
    int main() {}
Performing C++ SOURCE FILE Test CONCEPTS_FLAG-std=c++2a failed with the following output:
Change Dir: /home/ghal/git/DATX05/pstclassifierseqan/src/build/release_w_debug/CMakeFiles/CMakeTmp

Run Build Command(s):/usr/bin/make cmTC_efa0a/fast && /usr/bin/make -f CMakeFiles/cmTC_efa0a.dir/build.make CMakeFiles/cmTC_efa0a.dir/build
make[1]: Entering directory '/home/ghal/git/DATX05/pstclassifierseqan/src/build/release_w_debug/CMakeFiles/CMakeTmp'
Building CXX object CMakeFiles/cmTC_efa0a.dir/src.cxx.o
/usr/bin/c++   -I/home/ghal/git/DATX05/pstclassifierseqan/seqan3/include -I/home/ghal/git/DATX05/pstclassifierseqan/seqan3/submodules/sdsl-lite/include -I/home/ghal/git/DATX05/pstclassifierseqan/seqan3/submodules/range-v3/include -I/home/ghal/git/DATX05/pstclassifierseqan/seqan3/submodules/cereal/include  -pthread -DCONCEPTS_FLAG-std=c++2a  -pthread -std=c++2a   -std=gnu++17 -o CMakeFiles/cmTC_efa0a.dir/src.cxx.o -c /home/ghal/git/DATX05/pstclassifierseqan/src/build/release_w_debug/CMakeFiles/CMakeTmp/src.cxx
<command-line>: warning: ISO C++11 requires whitespace after the macro name
/home/ghal/git/DATX05/pstclassifierseqan/src/build/release_w_debug/CMakeFiles/CMakeTmp/src.cxx:1:16: error: ‘__cpp_concepts’ was not declared in this scope
    1 | static_assert (__cpp_concepts >= 201507);
      |                ^~~~~~~~~~~~~~
make[1]: *** [CMakeFiles/cmTC_efa0a.dir/build.make:66: CMakeFiles/cmTC_efa0a.dir/src.cxx.o] Error 1
make[1]: Leaving directory '/home/ghal/git/DATX05/pstclassifierseqan/src/build/release_w_debug/CMakeFiles/CMakeTmp'
make: *** [Makefile:121: cmTC_efa0a/fast] Error 2


Source file was:
static_assert (__cpp_concepts >= 201507);
    int main() {}
Performing C++ SOURCE FILE Test CONCEPTS_FLAG-std=c++20 failed with the following output:
Change Dir: /home/ghal/git/DATX05/pstclassifierseqan/src/build/release_w_debug/CMakeFiles/CMakeTmp

Run Build Command(s):/usr/bin/make cmTC_698e9/fast && make[1]: Entering directory '/home/ghal/git/DATX05/pstclassifierseqan/src/build/release_w_debug/CMakeFiles/CMakeTmp'
/usr/bin/make -f CMakeFiles/cmTC_698e9.dir/build.make CMakeFiles/cmTC_698e9.dir/build
make[2]: Entering directory '/home/ghal/git/DATX05/pstclassifierseqan/src/build/release_w_debug/CMakeFiles/CMakeTmp'
Building CXX object CMakeFiles/cmTC_698e9.dir/src.cxx.o
/usr/bin/c++   -I/home/ghal/git/DATX05/pstclassifierseqan/seqan3/include -I/home/ghal/git/DATX05/pstclassifierseqan/seqan3/submodules/sdsl-lite/include -I/home/ghal/git/DATX05/pstclassifierseqan/seqan3/submodules/range-v3/include -I/home/ghal/git/DATX05/pstclassifierseqan/seqan3/submodules/cereal/include  -pthread -DCONCEPTS_FLAG-std=c++20  -pthread -std=c++20   -std=gnu++17 -o CMakeFiles/cmTC_698e9.dir/src.cxx.o -c /home/ghal/git/DATX05/pstclassifierseqan/src/build/release_w_debug/CMakeFiles/CMakeTmp/src.cxx
c++: error: unrecognized command line option ‘-std=c++20’; did you mean ‘-std=c++2a’?
make[2]: *** [CMakeFiles/cmTC_698e9.dir/build.make:66: CMakeFiles/cmTC_698e9.dir/src.cxx.o] Error 1
make[2]: Leaving directory '/home/ghal/git/DATX05/pstclassifierseqan/src/build/release_w_debug/CMakeFiles/CMakeTmp'
make[1]: *** [Makefile:121: cmTC_698e9/fast] Error 2
make[1]: Leaving directory '/home/ghal/git/DATX05/pstclassifierseqan/src/build/release_w_debug/CMakeFiles/CMakeTmp'


Source file was:
static_assert (__cpp_concepts >= 201507);
    int main() {}
Performing C++ SOURCE FILE Test CONCEPTS_FLAG-std=c++2a failed with the following output:
Change Dir: /home/ghal/git/DATX05/pstclassifierseqan/src/build/release_w_debug/CMakeFiles/CMakeTmp

Run Build Command(s):/usr/bin/make cmTC_c7610/fast && make[1]: Entering directory '/home/ghal/git/DATX05/pstclassifierseqan/src/build/release_w_debug/CMakeFiles/CMakeTmp'
/usr/bin/make -f CMakeFiles/cmTC_c7610.dir/build.make CMakeFiles/cmTC_c7610.dir/build
make[2]: Entering directory '/home/ghal/git/DATX05/pstclassifierseqan/src/build/release_w_debug/CMakeFiles/CMakeTmp'
Building CXX object CMakeFiles/cmTC_c7610.dir/src.cxx.o
/usr/bin/c++   -I/home/ghal/git/DATX05/pstclassifierseqan/seqan3/include -I/home/ghal/git/DATX05/pstclassifierseqan/seqan3/submodules/sdsl-lite/include -I/home/ghal/git/DATX05/pstclassifierseqan/seqan3/submodules/range-v3/include -I/home/ghal/git/DATX05/pstclassifierseqan/seqan3/submodules/cereal/include  -pthread -DCONCEPTS_FLAG-std=c++2a  -pthread -std=c++2a   -std=gnu++17 -o CMakeFiles/cmTC_c7610.dir/src.cxx.o -c /home/ghal/git/DATX05/pstclassifierseqan/src/build/release_w_debug/CMakeFiles/CMakeTmp/src.cxx
<command-line>: warning: ISO C++11 requires whitespace after the macro name
/home/ghal/git/DATX05/pstclassifierseqan/src/build/release_w_debug/CMakeFiles/CMakeTmp/src.cxx:1:16: error: ‘__cpp_concepts’ was not declared in this scope
    1 | static_assert (__cpp_concepts >= 201507);
      |                ^~~~~~~~~~~~~~
make[2]: *** [CMakeFiles/cmTC_c7610.dir/build.make:66: CMakeFiles/cmTC_c7610.dir/src.cxx.o] Error 1
make[2]: Leaving directory '/home/ghal/git/DATX05/pstclassifierseqan/src/build/release_w_debug/CMakeFiles/CMakeTmp'
make[1]: *** [Makefile:121: cmTC_c7610/fast] Error 2
make[1]: Leaving directory '/home/ghal/git/DATX05/pstclassifierseqan/src/build/release_w_debug/CMakeFiles/CMakeTmp'


Source file was:
static_assert (__cpp_concepts >= 201507);
    int main() {}
Performing C++ SOURCE FILE Test CONCEPTS_FLAG-std=c++20 failed with the following output:
Change Dir: /home/ghal/git/DATX05/pstclassifierseqan/src/build/release_w_debug/CMakeFiles/CMakeTmp

Run Build Command(s):/usr/bin/make cmTC_430e6/fast && /usr/bin/make -f CMakeFiles/cmTC_430e6.dir/build.make CMakeFiles/cmTC_430e6.dir/build
make[1]: Entering directory '/home/ghal/git/DATX05/pstclassifierseqan/src/build/release_w_debug/CMakeFiles/CMakeTmp'
Building CXX object CMakeFiles/cmTC_430e6.dir/src.cxx.o
/usr/bin/c++   -I/home/ghal/git/DATX05/pstclassifierseqan/seqan3/include -I/home/ghal/git/DATX05/pstclassifierseqan/seqan3/submodules/sdsl-lite/include -I/home/ghal/git/DATX05/pstclassifierseqan/seqan3/submodules/range-v3/include -I/home/ghal/git/DATX05/pstclassifierseqan/seqan3/submodules/cereal/include  -pthread -DCONCEPTS_FLAG-std=c++20  -pthread -std=c++20   -std=gnu++2a -o CMakeFiles/cmTC_430e6.dir/src.cxx.o -c /home/ghal/git/DATX05/pstclassifierseqan/src/build/release_w_debug/CMakeFiles/CMakeTmp/src.cxx
c++: error: unrecognized command line option ‘-std=c++20’; did you mean ‘-std=c++2a’?
make[1]: *** [CMakeFiles/cmTC_430e6.dir/build.make:66: CMakeFiles/cmTC_430e6.dir/src.cxx.o] Error 1
make[1]: Leaving directory '/home/ghal/git/DATX05/pstclassifierseqan/src/build/release_w_debug/CMakeFiles/CMakeTmp'
make: *** [Makefile:121: cmTC_430e6/fast] Error 2


Source file was:
static_assert (__cpp_concepts >= 201507);
    int main() {}
Performing C++ SOURCE FILE Test CONCEPTS_FLAG-std=c++2a failed with the following output:
Change Dir: /home/ghal/git/DATX05/pstclassifierseqan/src/build/release_w_debug/CMakeFiles/CMakeTmp

Run Build Command(s):/usr/bin/make cmTC_2bff2/fast && /usr/bin/make -f CMakeFiles/cmTC_2bff2.dir/build.make CMakeFiles/cmTC_2bff2.dir/build
make[1]: Entering directory '/home/ghal/git/DATX05/pstclassifierseqan/src/build/release_w_debug/CMakeFiles/CMakeTmp'
Building CXX object CMakeFiles/cmTC_2bff2.dir/src.cxx.o
/usr/bin/c++   -I/home/ghal/git/DATX05/pstclassifierseqan/seqan3/include -I/home/ghal/git/DATX05/pstclassifierseqan/seqan3/submodules/sdsl-lite/include -I/home/ghal/git/DATX05/pstclassifierseqan/seqan3/submodules/range-v3/include -I/home/ghal/git/DATX05/pstclassifierseqan/seqan3/submodules/cereal/include  -pthread -DCONCEPTS_FLAG-std=c++2a  -pthread -std=c++2a   -std=gnu++2a -o CMakeFiles/cmTC_2bff2.dir/src.cxx.o -c /home/ghal/git/DATX05/pstclassifierseqan/src/build/release_w_debug/CMakeFiles/CMakeTmp/src.cxx
<command-line>: warning: ISO C++11 requires whitespace after the macro name
/home/ghal/git/DATX05/pstclassifierseqan/src/build/release_w_debug/CMakeFiles/CMakeTmp/src.cxx:1:16: error: ‘__cpp_concepts’ was not declared in this scope
    1 | static_assert (__cpp_concepts >= 201507);
      |                ^~~~~~~~~~~~~~
make[1]: *** [CMakeFiles/cmTC_2bff2.dir/build.make:66: CMakeFiles/cmTC_2bff2.dir/src.cxx.o] Error 1
make[1]: Leaving directory '/home/ghal/git/DATX05/pstclassifierseqan/src/build/release_w_debug/CMakeFiles/CMakeTmp'
make: *** [Makefile:121: cmTC_2bff2/fast] Error 2


Source file was:
static_assert (__cpp_concepts >= 201507);
    int main() {}
Performing C++ SOURCE FILE Test CONCEPTS_FLAG-std=c++20 failed with the following output:
Change Dir: /home/ghal/git/DATX05/pstclassifierseqan/src/build/release_w_debug/CMakeFiles/CMakeTmp

Run Build Command(s):/usr/bin/make cmTC_42242/fast && /usr/bin/make -f CMakeFiles/cmTC_42242.dir/build.make CMakeFiles/cmTC_42242.dir/build
make[1]: Entering directory '/home/ghal/git/DATX05/pstclassifierseqan/src/build/release_w_debug/CMakeFiles/CMakeTmp'
Building CXX object CMakeFiles/cmTC_42242.dir/src.cxx.o
/usr/bin/c++   -I/home/ghal/git/DATX05/pstclassifierseqan/seqan3/include -I/home/ghal/git/DATX05/pstclassifierseqan/seqan3/submodules/sdsl-lite/include -I/home/ghal/git/DATX05/pstclassifierseqan/seqan3/submodules/range-v3/include -I/home/ghal/git/DATX05/pstclassifierseqan/seqan3/submodules/cereal/include  -pthread -DCONCEPTS_FLAG-std=c++20  -pthread -std=c++20   -std=gnu++17 -o CMakeFiles/cmTC_42242.dir/src.cxx.o -c /home/ghal/git/DATX05/pstclassifierseqan/src/build/release_w_debug/CMakeFiles/CMakeTmp/src.cxx
c++: error: unrecognized command line option ‘-std=c++20’; did you mean ‘-std=c++2a’?
make[1]: *** [CMakeFiles/cmTC_42242.dir/build.make:66: CMakeFiles/cmTC_42242.dir/src.cxx.o] Error 1
make[1]: Leaving directory '/home/ghal/git/DATX05/pstclassifierseqan/src/build/release_w_debug/CMakeFiles/CMakeTmp'
make: *** [Makefile:121: cmTC_42242/fast] Error 2


Source file was:
static_assert (__cpp_concepts >= 201507);
    int main() {}
Performing C++ SOURCE FILE Test CONCEPTS_FLAG-std=c++2a failed with the following output:
Change Dir: /home/ghal/git/DATX05/pstclassifierseqan/src/build/release_w_debug/CMakeFiles/CMakeTmp

Run Build Command(s):/usr/bin/make cmTC_e0ea2/fast && /usr/bin/make -f CMakeFiles/cmTC_e0ea2.dir/build.make CMakeFiles/cmTC_e0ea2.dir/build
make[1]: Entering directory '/home/ghal/git/DATX05/pstclassifierseqan/src/build/release_w_debug/CMakeFiles/CMakeTmp'
Building CXX object CMakeFiles/cmTC_e0ea2.dir/src.cxx.o
/usr/bin/c++   -I/home/ghal/git/DATX05/pstclassifierseqan/seqan3/include -I/home/ghal/git/DATX05/pstclassifierseqan/seqan3/submodules/sdsl-lite/include -I/home/ghal/git/DATX05/pstclassifierseqan/seqan3/submodules/range-v3/include -I/home/ghal/git/DATX05/pstclassifierseqan/seqan3/submodules/cereal/include  -pthread -DCONCEPTS_FLAG-std=c++2a  -pthread -std=c++2a   -std=gnu++17 -o CMakeFiles/cmTC_e0ea2.dir/src.cxx.o -c /home/ghal/git/DATX05/pstclassifierseqan/src/build/release_w_debug/CMakeFiles/CMakeTmp/src.cxx
<command-line>: warning: ISO C++11 requires whitespace after the macro name
/home/ghal/git/DATX05/pstclassifierseqan/src/build/release_w_debug/CMakeFiles/CMakeTmp/src.cxx:1:16: error: ‘__cpp_concepts’ was not declared in this scope
    1 | static_assert (__cpp_concepts >= 201507);
      |                ^~~~~~~~~~~~~~
make[1]: *** [CMakeFiles/cmTC_e0ea2.dir/build.make:66: CMakeFiles/cmTC_e0ea2.dir/src.cxx.o] Error 1
make[1]: Leaving directory '/home/ghal/git/DATX05/pstclassifierseqan/src/build/release_w_debug/CMakeFiles/CMakeTmp'
make: *** [Makefile:121: cmTC_e0ea2/fast] Error 2


Source file was:
static_assert (__cpp_concepts >= 201507);
    int main() {}
Performing C++ SOURCE FILE Test CONCEPTS_FLAG-std=c++20 failed with the following output:
Change Dir: /home/ghal/git/DATX05/pstclassifierseqan/src/build/release_w_debug/CMakeFiles/CMakeTmp

Run Build Command(s):/usr/bin/make cmTC_ac83a/fast && /usr/bin/make -f CMakeFiles/cmTC_ac83a.dir/build.make CMakeFiles/cmTC_ac83a.dir/build
make[1]: Entering directory '/home/ghal/git/DATX05/pstclassifierseqan/src/build/release_w_debug/CMakeFiles/CMakeTmp'
Building CXX object CMakeFiles/cmTC_ac83a.dir/src.cxx.o
/usr/bin/c++   -I/home/ghal/git/DATX05/pstclassifierseqan/seqan3/include -I/home/ghal/git/DATX05/pstclassifierseqan/seqan3/submodules/sdsl-lite/include -I/home/ghal/git/DATX05/pstclassifierseqan/seqan3/submodules/range-v3/include -I/home/ghal/git/DATX05/pstclassifierseqan/seqan3/submodules/cereal/include  -pthread -DCONCEPTS_FLAG-std=c++20  -pthread -std=c++20   -std=gnu++17 -o CMakeFiles/cmTC_ac83a.dir/src.cxx.o -c /home/ghal/git/DATX05/pstclassifierseqan/src/build/release_w_debug/CMakeFiles/CMakeTmp/src.cxx
c++: error: unrecognized command line option ‘-std=c++20’; did you mean ‘-std=c++2a’?
make[1]: *** [CMakeFiles/cmTC_ac83a.dir/build.make:66: CMakeFiles/cmTC_ac83a.dir/src.cxx.o] Error 1
make[1]: Leaving directory '/home/ghal/git/DATX05/pstclassifierseqan/src/build/release_w_debug/CMakeFiles/CMakeTmp'
make: *** [Makefile:121: cmTC_ac83a/fast] Error 2


Source file was:
static_assert (__cpp_concepts >= 201507);
    int main() {}
Performing C++ SOURCE FILE Test CONCEPTS_FLAG-std=c++2a failed with the following output:
Change Dir: /home/ghal/git/DATX05/pstclassifierseqan/src/build/release_w_debug/CMakeFiles/CMakeTmp

Run Build Command(s):/usr/bin/make cmTC_97a49/fast && /usr/bin/make -f CMakeFiles/cmTC_97a49.dir/build.make CMakeFiles/cmTC_97a49.dir/build
make[1]: Entering directory '/home/ghal/git/DATX05/pstclassifierseqan/src/build/release_w_debug/CMakeFiles/CMakeTmp'
Building CXX object CMakeFiles/cmTC_97a49.dir/src.cxx.o
/usr/bin/c++   -I/home/ghal/git/DATX05/pstclassifierseqan/seqan3/include -I/home/ghal/git/DATX05/pstclassifierseqan/seqan3/submodules/sdsl-lite/include -I/home/ghal/git/DATX05/pstclassifierseqan/seqan3/submodules/range-v3/include -I/home/ghal/git/DATX05/pstclassifierseqan/seqan3/submodules/cereal/include  -pthread -DCONCEPTS_FLAG-std=c++2a  -pthread -std=c++2a   -std=gnu++17 -o CMakeFiles/cmTC_97a49.dir/src.cxx.o -c /home/ghal/git/DATX05/pstclassifierseqan/src/build/release_w_debug/CMakeFiles/CMakeTmp/src.cxx
<command-line>: warning: ISO C++11 requires whitespace after the macro name
/home/ghal/git/DATX05/pstclassifierseqan/src/build/release_w_debug/CMakeFiles/CMakeTmp/src.cxx:1:16: error: ‘__cpp_concepts’ was not declared in this scope
    1 | static_assert (__cpp_concepts >= 201507);
      |                ^~~~~~~~~~~~~~
make[1]: *** [CMakeFiles/cmTC_97a49.dir/build.make:66: CMakeFiles/cmTC_97a49.dir/src.cxx.o] Error 1
make[1]: Leaving directory '/home/ghal/git/DATX05/pstclassifierseqan/src/build/release_w_debug/CMakeFiles/CMakeTmp'
make: *** [Makefile:121: cmTC_97a49/fast] Error 2


Source file was:
static_assert (__cpp_concepts >= 201507);
    int main() {}
Performing C++ SOURCE FILE Test CONCEPTS_FLAG-std=c++20 failed with the following output:
Change Dir: /home/ghal/git/DATX05/pstclassifierseqan/src/build/release_w_debug/CMakeFiles/CMakeTmp

Run Build Command(s):/usr/bin/make cmTC_dcd8d/fast && /usr/bin/make -f CMakeFiles/cmTC_dcd8d.dir/build.make CMakeFiles/cmTC_dcd8d.dir/build
make[1]: Entering directory '/home/ghal/git/DATX05/pstclassifierseqan/src/build/release_w_debug/CMakeFiles/CMakeTmp'
Building CXX object CMakeFiles/cmTC_dcd8d.dir/src.cxx.o
/usr/bin/c++   -I/home/ghal/git/DATX05/pstclassifierseqan/seqan3/include -I/home/ghal/git/DATX05/pstclassifierseqan/seqan3/submodules/sdsl-lite/include -I/home/ghal/git/DATX05/pstclassifierseqan/seqan3/submodules/range-v3/include -I/home/ghal/git/DATX05/pstclassifierseqan/seqan3/submodules/cereal/include  -pthread -DCONCEPTS_FLAG-std=c++20  -pthread -std=c++20   -std=gnu++17 -o CMakeFiles/cmTC_dcd8d.dir/src.cxx.o -c /home/ghal/git/DATX05/pstclassifierseqan/src/build/release_w_debug/CMakeFiles/CMakeTmp/src.cxx
c++: error: unrecognized command line option ‘-std=c++20’; did you mean ‘-std=c++2a’?
make[1]: *** [CMakeFiles/cmTC_dcd8d.dir/build.make:66: CMakeFiles/cmTC_dcd8d.dir/src.cxx.o] Error 1
make[1]: Leaving directory '/home/ghal/git/DATX05/pstclassifierseqan/src/build/release_w_debug/CMakeFiles/CMakeTmp'
make: *** [Makefile:121: cmTC_dcd8d/fast] Error 2


Source file was:
static_assert (__cpp_concepts >= 201507);
    int main() {}
Performing C++ SOURCE FILE Test CONCEPTS_FLAG-std=c++2a failed with the following output:
Change Dir: /home/ghal/git/DATX05/pstclassifierseqan/src/build/release_w_debug/CMakeFiles/CMakeTmp

Run Build Command(s):/usr/bin/make cmTC_867f6/fast && /usr/bin/make -f CMakeFiles/cmTC_867f6.dir/build.make CMakeFiles/cmTC_867f6.dir/build
make[1]: Entering directory '/home/ghal/git/DATX05/pstclassifierseqan/src/build/release_w_debug/CMakeFiles/CMakeTmp'
Building CXX object CMakeFiles/cmTC_867f6.dir/src.cxx.o
/usr/bin/c++   -I/home/ghal/git/DATX05/pstclassifierseqan/seqan3/include -I/home/ghal/git/DATX05/pstclassifierseqan/seqan3/submodules/sdsl-lite/include -I/home/ghal/git/DATX05/pstclassifierseqan/seqan3/submodules/range-v3/include -I/home/ghal/git/DATX05/pstclassifierseqan/seqan3/submodules/cereal/include  -pthread -DCONCEPTS_FLAG-std=c++2a  -pthread -std=c++2a   -std=gnu++17 -o CMakeFiles/cmTC_867f6.dir/src.cxx.o -c /home/ghal/git/DATX05/pstclassifierseqan/src/build/release_w_debug/CMakeFiles/CMakeTmp/src.cxx
<command-line>: warning: ISO C++11 requires whitespace after the macro name
/home/ghal/git/DATX05/pstclassifierseqan/src/build/release_w_debug/CMakeFiles/CMakeTmp/src.cxx:1:16: error: ‘__cpp_concepts’ was not declared in this scope
    1 | static_assert (__cpp_concepts >= 201507);
      |                ^~~~~~~~~~~~~~
make[1]: *** [CMakeFiles/cmTC_867f6.dir/build.make:66: CMakeFiles/cmTC_867f6.dir/src.cxx.o] Error 1
make[1]: Leaving directory '/home/ghal/git/DATX05/pstclassifierseqan/src/build/release_w_debug/CMakeFiles/CMakeTmp'
make: *** [Makefile:121: cmTC_867f6/fast] Error 2


Source file was:
static_assert (__cpp_concepts >= 201507);
    int main() {}
