Performing C++ SOURCE FILE Test CONCEPTS_BUILTIN failed with the following output:
Change Dir: /home/ghal/git/DATX05/pstclassifierseqan/src/build/debug/CMakeFiles/CMakeTmp

Run Build Command(s):/usr/bin/make cmTC_44291/fast && /usr/bin/make -f CMakeFiles/cmTC_44291.dir/build.make CMakeFiles/cmTC_44291.dir/build
make[1]: Entering directory '/home/ghal/git/DATX05/pstclassifierseqan/src/build/debug/CMakeFiles/CMakeTmp'
Building CXX object CMakeFiles/cmTC_44291.dir/src.cxx.o
/usr/bin/c++   -I/home/ghal/git/DATX05/pstclassifierseqan/seqan3/include -I/home/ghal/git/DATX05/pstclassifierseqan/seqan3/submodules/sdsl-lite/include -I/home/ghal/git/DATX05/pstclassifierseqan/seqan3/submodules/range-v3/include -I/home/ghal/git/DATX05/pstclassifierseqan/seqan3/submodules/cereal/include  -pthread -DCONCEPTS_BUILTIN  -pthread   -std=gnu++17 -o CMakeFiles/cmTC_44291.dir/src.cxx.o -c /home/ghal/git/DATX05/pstclassifierseqan/src/build/debug/CMakeFiles/CMakeTmp/src.cxx
/home/ghal/git/DATX05/pstclassifierseqan/src/build/debug/CMakeFiles/CMakeTmp/src.cxx:1:16: error: ‘__cpp_concepts’ was not declared in this scope
    1 | static_assert (__cpp_concepts >= 201507);
      |                ^~~~~~~~~~~~~~
make[1]: *** [CMakeFiles/cmTC_44291.dir/build.make:66: CMakeFiles/cmTC_44291.dir/src.cxx.o] Error 1
make[1]: Leaving directory '/home/ghal/git/DATX05/pstclassifierseqan/src/build/debug/CMakeFiles/CMakeTmp'
make: *** [Makefile:121: cmTC_44291/fast] Error 2


Source file was:
static_assert (__cpp_concepts >= 201507);
    int main() {}
Performing C++ SOURCE FILE Test CONCEPTS_FLAG-std=c++20 failed with the following output:
Change Dir: /home/ghal/git/DATX05/pstclassifierseqan/src/build/debug/CMakeFiles/CMakeTmp

Run Build Command(s):/usr/bin/make cmTC_b8686/fast && /usr/bin/make -f CMakeFiles/cmTC_b8686.dir/build.make CMakeFiles/cmTC_b8686.dir/build
make[1]: Entering directory '/home/ghal/git/DATX05/pstclassifierseqan/src/build/debug/CMakeFiles/CMakeTmp'
Building CXX object CMakeFiles/cmTC_b8686.dir/src.cxx.o
/usr/bin/c++   -I/home/ghal/git/DATX05/pstclassifierseqan/seqan3/include -I/home/ghal/git/DATX05/pstclassifierseqan/seqan3/submodules/sdsl-lite/include -I/home/ghal/git/DATX05/pstclassifierseqan/seqan3/submodules/range-v3/include -I/home/ghal/git/DATX05/pstclassifierseqan/seqan3/submodules/cereal/include  -pthread -DCONCEPTS_FLAG-std=c++20  -pthread -std=c++20   -std=gnu++17 -o CMakeFiles/cmTC_b8686.dir/src.cxx.o -c /home/ghal/git/DATX05/pstclassifierseqan/src/build/debug/CMakeFiles/CMakeTmp/src.cxx
c++: error: unrecognized command line option ‘-std=c++20’; did you mean ‘-std=c++2a’?
make[1]: *** [CMakeFiles/cmTC_b8686.dir/build.make:66: CMakeFiles/cmTC_b8686.dir/src.cxx.o] Error 1
make[1]: Leaving directory '/home/ghal/git/DATX05/pstclassifierseqan/src/build/debug/CMakeFiles/CMakeTmp'
make: *** [Makefile:121: cmTC_b8686/fast] Error 2


Source file was:
static_assert (__cpp_concepts >= 201507);
    int main() {}
Performing C++ SOURCE FILE Test CONCEPTS_FLAG-std=c++2a failed with the following output:
Change Dir: /home/ghal/git/DATX05/pstclassifierseqan/src/build/debug/CMakeFiles/CMakeTmp

Run Build Command(s):/usr/bin/make cmTC_c4d96/fast && /usr/bin/make -f CMakeFiles/cmTC_c4d96.dir/build.make CMakeFiles/cmTC_c4d96.dir/build
make[1]: Entering directory '/home/ghal/git/DATX05/pstclassifierseqan/src/build/debug/CMakeFiles/CMakeTmp'
Building CXX object CMakeFiles/cmTC_c4d96.dir/src.cxx.o
/usr/bin/c++   -I/home/ghal/git/DATX05/pstclassifierseqan/seqan3/include -I/home/ghal/git/DATX05/pstclassifierseqan/seqan3/submodules/sdsl-lite/include -I/home/ghal/git/DATX05/pstclassifierseqan/seqan3/submodules/range-v3/include -I/home/ghal/git/DATX05/pstclassifierseqan/seqan3/submodules/cereal/include  -pthread -DCONCEPTS_FLAG-std=c++2a  -pthread -std=c++2a   -std=gnu++17 -o CMakeFiles/cmTC_c4d96.dir/src.cxx.o -c /home/ghal/git/DATX05/pstclassifierseqan/src/build/debug/CMakeFiles/CMakeTmp/src.cxx
<command-line>: warning: ISO C++11 requires whitespace after the macro name
/home/ghal/git/DATX05/pstclassifierseqan/src/build/debug/CMakeFiles/CMakeTmp/src.cxx:1:16: error: ‘__cpp_concepts’ was not declared in this scope
    1 | static_assert (__cpp_concepts >= 201507);
      |                ^~~~~~~~~~~~~~
make[1]: *** [CMakeFiles/cmTC_c4d96.dir/build.make:66: CMakeFiles/cmTC_c4d96.dir/src.cxx.o] Error 1
make[1]: Leaving directory '/home/ghal/git/DATX05/pstclassifierseqan/src/build/debug/CMakeFiles/CMakeTmp'
make: *** [Makefile:121: cmTC_c4d96/fast] Error 2


Source file was:
static_assert (__cpp_concepts >= 201507);
    int main() {}
Performing C++ SOURCE FILE Test CONCEPTS_FLAG-std=c++20 failed with the following output:
Change Dir: /home/ghal/git/DATX05/pstclassifierseqan/src/build/debug/CMakeFiles/CMakeTmp

Run Build Command(s):/usr/bin/make cmTC_d4e37/fast && /usr/bin/make -f CMakeFiles/cmTC_d4e37.dir/build.make CMakeFiles/cmTC_d4e37.dir/build
make[1]: Entering directory '/home/ghal/git/DATX05/pstclassifierseqan/src/build/debug/CMakeFiles/CMakeTmp'
Building CXX object CMakeFiles/cmTC_d4e37.dir/src.cxx.o
/usr/bin/c++   -I/home/ghal/git/DATX05/pstclassifierseqan/seqan3/include -I/home/ghal/git/DATX05/pstclassifierseqan/seqan3/submodules/sdsl-lite/include -I/home/ghal/git/DATX05/pstclassifierseqan/seqan3/submodules/range-v3/include -I/home/ghal/git/DATX05/pstclassifierseqan/seqan3/submodules/cereal/include  -pthread -DCONCEPTS_FLAG-std=c++20  -pthread -std=c++20   -std=gnu++17 -o CMakeFiles/cmTC_d4e37.dir/src.cxx.o -c /home/ghal/git/DATX05/pstclassifierseqan/src/build/debug/CMakeFiles/CMakeTmp/src.cxx
c++: error: unrecognized command line option ‘-std=c++20’; did you mean ‘-std=c++2a’?
make[1]: *** [CMakeFiles/cmTC_d4e37.dir/build.make:66: CMakeFiles/cmTC_d4e37.dir/src.cxx.o] Error 1
make[1]: Leaving directory '/home/ghal/git/DATX05/pstclassifierseqan/src/build/debug/CMakeFiles/CMakeTmp'
make: *** [Makefile:121: cmTC_d4e37/fast] Error 2


Source file was:
static_assert (__cpp_concepts >= 201507);
    int main() {}
Performing C++ SOURCE FILE Test CONCEPTS_FLAG-std=c++2a failed with the following output:
Change Dir: /home/ghal/git/DATX05/pstclassifierseqan/src/build/debug/CMakeFiles/CMakeTmp

Run Build Command(s):/usr/bin/make cmTC_ba1c6/fast && /usr/bin/make -f CMakeFiles/cmTC_ba1c6.dir/build.make CMakeFiles/cmTC_ba1c6.dir/build
make[1]: Entering directory '/home/ghal/git/DATX05/pstclassifierseqan/src/build/debug/CMakeFiles/CMakeTmp'
Building CXX object CMakeFiles/cmTC_ba1c6.dir/src.cxx.o
/usr/bin/c++   -I/home/ghal/git/DATX05/pstclassifierseqan/seqan3/include -I/home/ghal/git/DATX05/pstclassifierseqan/seqan3/submodules/sdsl-lite/include -I/home/ghal/git/DATX05/pstclassifierseqan/seqan3/submodules/range-v3/include -I/home/ghal/git/DATX05/pstclassifierseqan/seqan3/submodules/cereal/include  -pthread -DCONCEPTS_FLAG-std=c++2a  -pthread -std=c++2a   -std=gnu++17 -o CMakeFiles/cmTC_ba1c6.dir/src.cxx.o -c /home/ghal/git/DATX05/pstclassifierseqan/src/build/debug/CMakeFiles/CMakeTmp/src.cxx
<command-line>: warning: ISO C++11 requires whitespace after the macro name
/home/ghal/git/DATX05/pstclassifierseqan/src/build/debug/CMakeFiles/CMakeTmp/src.cxx:1:16: error: ‘__cpp_concepts’ was not declared in this scope
    1 | static_assert (__cpp_concepts >= 201507);
      |                ^~~~~~~~~~~~~~
make[1]: *** [CMakeFiles/cmTC_ba1c6.dir/build.make:66: CMakeFiles/cmTC_ba1c6.dir/src.cxx.o] Error 1
make[1]: Leaving directory '/home/ghal/git/DATX05/pstclassifierseqan/src/build/debug/CMakeFiles/CMakeTmp'
make: *** [Makefile:121: cmTC_ba1c6/fast] Error 2


Source file was:
static_assert (__cpp_concepts >= 201507);
    int main() {}
Performing C++ SOURCE FILE Test CONCEPTS_FLAG-std=c++20 failed with the following output:
Change Dir: /home/ghal/git/DATX05/pstclassifierseqan/src/build/debug/CMakeFiles/CMakeTmp

Run Build Command(s):/usr/bin/make cmTC_44c37/fast && /usr/bin/make -f CMakeFiles/cmTC_44c37.dir/build.make CMakeFiles/cmTC_44c37.dir/build
make[1]: Entering directory '/home/ghal/git/DATX05/pstclassifierseqan/src/build/debug/CMakeFiles/CMakeTmp'
Building CXX object CMakeFiles/cmTC_44c37.dir/src.cxx.o
/usr/bin/c++   -I/home/ghal/git/DATX05/pstclassifierseqan/seqan3/include -I/home/ghal/git/DATX05/pstclassifierseqan/seqan3/submodules/sdsl-lite/include -I/home/ghal/git/DATX05/pstclassifierseqan/seqan3/submodules/range-v3/include -I/home/ghal/git/DATX05/pstclassifierseqan/seqan3/submodules/cereal/include  -pthread -DCONCEPTS_FLAG-std=c++20  -pthread -std=c++20   -std=gnu++17 -o CMakeFiles/cmTC_44c37.dir/src.cxx.o -c /home/ghal/git/DATX05/pstclassifierseqan/src/build/debug/CMakeFiles/CMakeTmp/src.cxx
c++: error: unrecognized command line option ‘-std=c++20’; did you mean ‘-std=c++2a’?
make[1]: *** [CMakeFiles/cmTC_44c37.dir/build.make:66: CMakeFiles/cmTC_44c37.dir/src.cxx.o] Error 1
make[1]: Leaving directory '/home/ghal/git/DATX05/pstclassifierseqan/src/build/debug/CMakeFiles/CMakeTmp'
make: *** [Makefile:121: cmTC_44c37/fast] Error 2


Source file was:
static_assert (__cpp_concepts >= 201507);
    int main() {}
Performing C++ SOURCE FILE Test CONCEPTS_FLAG-std=c++2a failed with the following output:
Change Dir: /home/ghal/git/DATX05/pstclassifierseqan/src/build/debug/CMakeFiles/CMakeTmp

Run Build Command(s):/usr/bin/make cmTC_d0b00/fast && /usr/bin/make -f CMakeFiles/cmTC_d0b00.dir/build.make CMakeFiles/cmTC_d0b00.dir/build
make[1]: Entering directory '/home/ghal/git/DATX05/pstclassifierseqan/src/build/debug/CMakeFiles/CMakeTmp'
Building CXX object CMakeFiles/cmTC_d0b00.dir/src.cxx.o
/usr/bin/c++   -I/home/ghal/git/DATX05/pstclassifierseqan/seqan3/include -I/home/ghal/git/DATX05/pstclassifierseqan/seqan3/submodules/sdsl-lite/include -I/home/ghal/git/DATX05/pstclassifierseqan/seqan3/submodules/range-v3/include -I/home/ghal/git/DATX05/pstclassifierseqan/seqan3/submodules/cereal/include  -pthread -DCONCEPTS_FLAG-std=c++2a  -pthread -std=c++2a   -std=gnu++17 -o CMakeFiles/cmTC_d0b00.dir/src.cxx.o -c /home/ghal/git/DATX05/pstclassifierseqan/src/build/debug/CMakeFiles/CMakeTmp/src.cxx
<command-line>: warning: ISO C++11 requires whitespace after the macro name
/home/ghal/git/DATX05/pstclassifierseqan/src/build/debug/CMakeFiles/CMakeTmp/src.cxx:1:16: error: ‘__cpp_concepts’ was not declared in this scope
    1 | static_assert (__cpp_concepts >= 201507);
      |                ^~~~~~~~~~~~~~
make[1]: *** [CMakeFiles/cmTC_d0b00.dir/build.make:66: CMakeFiles/cmTC_d0b00.dir/src.cxx.o] Error 1
make[1]: Leaving directory '/home/ghal/git/DATX05/pstclassifierseqan/src/build/debug/CMakeFiles/CMakeTmp'
make: *** [Makefile:121: cmTC_d0b00/fast] Error 2


Source file was:
static_assert (__cpp_concepts >= 201507);
    int main() {}
Performing C++ SOURCE FILE Test CONCEPTS_FLAG-std=c++20 failed with the following output:
Change Dir: /home/ghal/git/DATX05/pstclassifierseqan/src/build/debug/CMakeFiles/CMakeTmp

Run Build Command(s):/usr/bin/make cmTC_3275a/fast && make[1]: Entering directory '/home/ghal/git/DATX05/pstclassifierseqan/src/build/debug/CMakeFiles/CMakeTmp'
/usr/bin/make -f CMakeFiles/cmTC_3275a.dir/build.make CMakeFiles/cmTC_3275a.dir/build
make[2]: Entering directory '/home/ghal/git/DATX05/pstclassifierseqan/src/build/debug/CMakeFiles/CMakeTmp'
Building CXX object CMakeFiles/cmTC_3275a.dir/src.cxx.o
/usr/bin/c++   -I/home/ghal/git/DATX05/pstclassifierseqan/seqan3/include -I/home/ghal/git/DATX05/pstclassifierseqan/seqan3/submodules/sdsl-lite/include -I/home/ghal/git/DATX05/pstclassifierseqan/seqan3/submodules/range-v3/include -I/home/ghal/git/DATX05/pstclassifierseqan/seqan3/submodules/cereal/include  -pthread -DCONCEPTS_FLAG-std=c++20  -pthread -std=c++20   -std=gnu++17 -o CMakeFiles/cmTC_3275a.dir/src.cxx.o -c /home/ghal/git/DATX05/pstclassifierseqan/src/build/debug/CMakeFiles/CMakeTmp/src.cxx
c++: error: unrecognized command line option ‘-std=c++20’; did you mean ‘-std=c++2a’?
make[2]: *** [CMakeFiles/cmTC_3275a.dir/build.make:66: CMakeFiles/cmTC_3275a.dir/src.cxx.o] Error 1
make[2]: Leaving directory '/home/ghal/git/DATX05/pstclassifierseqan/src/build/debug/CMakeFiles/CMakeTmp'
make[1]: *** [Makefile:121: cmTC_3275a/fast] Error 2
make[1]: Leaving directory '/home/ghal/git/DATX05/pstclassifierseqan/src/build/debug/CMakeFiles/CMakeTmp'


Source file was:
static_assert (__cpp_concepts >= 201507);
    int main() {}
Performing C++ SOURCE FILE Test CONCEPTS_FLAG-std=c++2a failed with the following output:
Change Dir: /home/ghal/git/DATX05/pstclassifierseqan/src/build/debug/CMakeFiles/CMakeTmp

Run Build Command(s):/usr/bin/make cmTC_234f5/fast && make[1]: Entering directory '/home/ghal/git/DATX05/pstclassifierseqan/src/build/debug/CMakeFiles/CMakeTmp'
/usr/bin/make -f CMakeFiles/cmTC_234f5.dir/build.make CMakeFiles/cmTC_234f5.dir/build
make[2]: Entering directory '/home/ghal/git/DATX05/pstclassifierseqan/src/build/debug/CMakeFiles/CMakeTmp'
Building CXX object CMakeFiles/cmTC_234f5.dir/src.cxx.o
/usr/bin/c++   -I/home/ghal/git/DATX05/pstclassifierseqan/seqan3/include -I/home/ghal/git/DATX05/pstclassifierseqan/seqan3/submodules/sdsl-lite/include -I/home/ghal/git/DATX05/pstclassifierseqan/seqan3/submodules/range-v3/include -I/home/ghal/git/DATX05/pstclassifierseqan/seqan3/submodules/cereal/include  -pthread -DCONCEPTS_FLAG-std=c++2a  -pthread -std=c++2a   -std=gnu++17 -o CMakeFiles/cmTC_234f5.dir/src.cxx.o -c /home/ghal/git/DATX05/pstclassifierseqan/src/build/debug/CMakeFiles/CMakeTmp/src.cxx
<command-line>: warning: ISO C++11 requires whitespace after the macro name
/home/ghal/git/DATX05/pstclassifierseqan/src/build/debug/CMakeFiles/CMakeTmp/src.cxx:1:16: error: ‘__cpp_concepts’ was not declared in this scope
    1 | static_assert (__cpp_concepts >= 201507);
      |                ^~~~~~~~~~~~~~
make[2]: *** [CMakeFiles/cmTC_234f5.dir/build.make:66: CMakeFiles/cmTC_234f5.dir/src.cxx.o] Error 1
make[2]: Leaving directory '/home/ghal/git/DATX05/pstclassifierseqan/src/build/debug/CMakeFiles/CMakeTmp'
make[1]: *** [Makefile:121: cmTC_234f5/fast] Error 2
make[1]: Leaving directory '/home/ghal/git/DATX05/pstclassifierseqan/src/build/debug/CMakeFiles/CMakeTmp'


Source file was:
static_assert (__cpp_concepts >= 201507);
    int main() {}
Performing C++ SOURCE FILE Test CONCEPTS_FLAG-std=c++20 failed with the following output:
Change Dir: /home/ghal/git/DATX05/pstclassifierseqan/src/build/debug/CMakeFiles/CMakeTmp

Run Build Command(s):/usr/bin/make cmTC_6bf71/fast && make[1]: Entering directory '/home/ghal/git/DATX05/pstclassifierseqan/src/build/debug/CMakeFiles/CMakeTmp'
/usr/bin/make -f CMakeFiles/cmTC_6bf71.dir/build.make CMakeFiles/cmTC_6bf71.dir/build
make[2]: Entering directory '/home/ghal/git/DATX05/pstclassifierseqan/src/build/debug/CMakeFiles/CMakeTmp'
Building CXX object CMakeFiles/cmTC_6bf71.dir/src.cxx.o
/usr/bin/c++   -I/home/ghal/git/DATX05/pstclassifierseqan/seqan3/include -I/home/ghal/git/DATX05/pstclassifierseqan/seqan3/submodules/sdsl-lite/include -I/home/ghal/git/DATX05/pstclassifierseqan/seqan3/submodules/range-v3/include -I/home/ghal/git/DATX05/pstclassifierseqan/seqan3/submodules/cereal/include  -pthread -DCONCEPTS_FLAG-std=c++20  -pthread -std=c++20   -std=gnu++17 -o CMakeFiles/cmTC_6bf71.dir/src.cxx.o -c /home/ghal/git/DATX05/pstclassifierseqan/src/build/debug/CMakeFiles/CMakeTmp/src.cxx
c++: error: unrecognized command line option ‘-std=c++20’; did you mean ‘-std=c++2a’?
make[2]: *** [CMakeFiles/cmTC_6bf71.dir/build.make:66: CMakeFiles/cmTC_6bf71.dir/src.cxx.o] Error 1
make[2]: Leaving directory '/home/ghal/git/DATX05/pstclassifierseqan/src/build/debug/CMakeFiles/CMakeTmp'
make[1]: *** [Makefile:121: cmTC_6bf71/fast] Error 2
make[1]: Leaving directory '/home/ghal/git/DATX05/pstclassifierseqan/src/build/debug/CMakeFiles/CMakeTmp'


Source file was:
static_assert (__cpp_concepts >= 201507);
    int main() {}
Performing C++ SOURCE FILE Test CONCEPTS_FLAG-std=c++2a failed with the following output:
Change Dir: /home/ghal/git/DATX05/pstclassifierseqan/src/build/debug/CMakeFiles/CMakeTmp

Run Build Command(s):/usr/bin/make cmTC_59001/fast && make[1]: Entering directory '/home/ghal/git/DATX05/pstclassifierseqan/src/build/debug/CMakeFiles/CMakeTmp'
/usr/bin/make -f CMakeFiles/cmTC_59001.dir/build.make CMakeFiles/cmTC_59001.dir/build
make[2]: Entering directory '/home/ghal/git/DATX05/pstclassifierseqan/src/build/debug/CMakeFiles/CMakeTmp'
Building CXX object CMakeFiles/cmTC_59001.dir/src.cxx.o
/usr/bin/c++   -I/home/ghal/git/DATX05/pstclassifierseqan/seqan3/include -I/home/ghal/git/DATX05/pstclassifierseqan/seqan3/submodules/sdsl-lite/include -I/home/ghal/git/DATX05/pstclassifierseqan/seqan3/submodules/range-v3/include -I/home/ghal/git/DATX05/pstclassifierseqan/seqan3/submodules/cereal/include  -pthread -DCONCEPTS_FLAG-std=c++2a  -pthread -std=c++2a   -std=gnu++17 -o CMakeFiles/cmTC_59001.dir/src.cxx.o -c /home/ghal/git/DATX05/pstclassifierseqan/src/build/debug/CMakeFiles/CMakeTmp/src.cxx
<command-line>: warning: ISO C++11 requires whitespace after the macro name
/home/ghal/git/DATX05/pstclassifierseqan/src/build/debug/CMakeFiles/CMakeTmp/src.cxx:1:16: error: ‘__cpp_concepts’ was not declared in this scope
    1 | static_assert (__cpp_concepts >= 201507);
      |                ^~~~~~~~~~~~~~
make[2]: *** [CMakeFiles/cmTC_59001.dir/build.make:66: CMakeFiles/cmTC_59001.dir/src.cxx.o] Error 1
make[2]: Leaving directory '/home/ghal/git/DATX05/pstclassifierseqan/src/build/debug/CMakeFiles/CMakeTmp'
make[1]: *** [Makefile:121: cmTC_59001/fast] Error 2
make[1]: Leaving directory '/home/ghal/git/DATX05/pstclassifierseqan/src/build/debug/CMakeFiles/CMakeTmp'


Source file was:
static_assert (__cpp_concepts >= 201507);
    int main() {}
Performing C++ SOURCE FILE Test CONCEPTS_FLAG-std=c++20 failed with the following output:
Change Dir: /home/ghal/git/DATX05/pstclassifierseqan/src/build/debug/CMakeFiles/CMakeTmp

Run Build Command(s):/usr/bin/make cmTC_0a87b/fast && make[1]: Entering directory '/home/ghal/git/DATX05/pstclassifierseqan/src/build/debug/CMakeFiles/CMakeTmp'
/usr/bin/make -f CMakeFiles/cmTC_0a87b.dir/build.make CMakeFiles/cmTC_0a87b.dir/build
make[2]: Entering directory '/home/ghal/git/DATX05/pstclassifierseqan/src/build/debug/CMakeFiles/CMakeTmp'
Building CXX object CMakeFiles/cmTC_0a87b.dir/src.cxx.o
/usr/bin/c++   -I/home/ghal/git/DATX05/pstclassifierseqan/seqan3/include -I/home/ghal/git/DATX05/pstclassifierseqan/seqan3/submodules/sdsl-lite/include -I/home/ghal/git/DATX05/pstclassifierseqan/seqan3/submodules/range-v3/include -I/home/ghal/git/DATX05/pstclassifierseqan/seqan3/submodules/cereal/include  -pthread -DCONCEPTS_FLAG-std=c++20  -pthread -std=c++20   -std=gnu++17 -o CMakeFiles/cmTC_0a87b.dir/src.cxx.o -c /home/ghal/git/DATX05/pstclassifierseqan/src/build/debug/CMakeFiles/CMakeTmp/src.cxx
c++: error: unrecognized command line option ‘-std=c++20’; did you mean ‘-std=c++2a’?
make[2]: *** [CMakeFiles/cmTC_0a87b.dir/build.make:66: CMakeFiles/cmTC_0a87b.dir/src.cxx.o] Error 1
make[2]: Leaving directory '/home/ghal/git/DATX05/pstclassifierseqan/src/build/debug/CMakeFiles/CMakeTmp'
make[1]: *** [Makefile:121: cmTC_0a87b/fast] Error 2
make[1]: Leaving directory '/home/ghal/git/DATX05/pstclassifierseqan/src/build/debug/CMakeFiles/CMakeTmp'


Source file was:
static_assert (__cpp_concepts >= 201507);
    int main() {}
Performing C++ SOURCE FILE Test CONCEPTS_FLAG-std=c++2a failed with the following output:
Change Dir: /home/ghal/git/DATX05/pstclassifierseqan/src/build/debug/CMakeFiles/CMakeTmp

Run Build Command(s):/usr/bin/make cmTC_5add7/fast && make[1]: Entering directory '/home/ghal/git/DATX05/pstclassifierseqan/src/build/debug/CMakeFiles/CMakeTmp'
/usr/bin/make -f CMakeFiles/cmTC_5add7.dir/build.make CMakeFiles/cmTC_5add7.dir/build
make[2]: Entering directory '/home/ghal/git/DATX05/pstclassifierseqan/src/build/debug/CMakeFiles/CMakeTmp'
Building CXX object CMakeFiles/cmTC_5add7.dir/src.cxx.o
/usr/bin/c++   -I/home/ghal/git/DATX05/pstclassifierseqan/seqan3/include -I/home/ghal/git/DATX05/pstclassifierseqan/seqan3/submodules/sdsl-lite/include -I/home/ghal/git/DATX05/pstclassifierseqan/seqan3/submodules/range-v3/include -I/home/ghal/git/DATX05/pstclassifierseqan/seqan3/submodules/cereal/include  -pthread -DCONCEPTS_FLAG-std=c++2a  -pthread -std=c++2a   -std=gnu++17 -o CMakeFiles/cmTC_5add7.dir/src.cxx.o -c /home/ghal/git/DATX05/pstclassifierseqan/src/build/debug/CMakeFiles/CMakeTmp/src.cxx
<command-line>: warning: ISO C++11 requires whitespace after the macro name
/home/ghal/git/DATX05/pstclassifierseqan/src/build/debug/CMakeFiles/CMakeTmp/src.cxx:1:16: error: ‘__cpp_concepts’ was not declared in this scope
    1 | static_assert (__cpp_concepts >= 201507);
      |                ^~~~~~~~~~~~~~
make[2]: *** [CMakeFiles/cmTC_5add7.dir/build.make:66: CMakeFiles/cmTC_5add7.dir/src.cxx.o] Error 1
make[2]: Leaving directory '/home/ghal/git/DATX05/pstclassifierseqan/src/build/debug/CMakeFiles/CMakeTmp'
make[1]: *** [Makefile:121: cmTC_5add7/fast] Error 2
make[1]: Leaving directory '/home/ghal/git/DATX05/pstclassifierseqan/src/build/debug/CMakeFiles/CMakeTmp'


Source file was:
static_assert (__cpp_concepts >= 201507);
    int main() {}
Performing C++ SOURCE FILE Test CONCEPTS_FLAG-std=c++20 failed with the following output:
Change Dir: /home/ghal/git/DATX05/pstclassifierseqan/src/build/debug/CMakeFiles/CMakeTmp

Run Build Command(s):/usr/bin/make cmTC_f67d7/fast && make[1]: Entering directory '/home/ghal/git/DATX05/pstclassifierseqan/src/build/debug/CMakeFiles/CMakeTmp'
/usr/bin/make -f CMakeFiles/cmTC_f67d7.dir/build.make CMakeFiles/cmTC_f67d7.dir/build
make[2]: Entering directory '/home/ghal/git/DATX05/pstclassifierseqan/src/build/debug/CMakeFiles/CMakeTmp'
Building CXX object CMakeFiles/cmTC_f67d7.dir/src.cxx.o
/usr/bin/c++   -I/home/ghal/git/DATX05/pstclassifierseqan/seqan3/include -I/home/ghal/git/DATX05/pstclassifierseqan/seqan3/submodules/sdsl-lite/include -I/home/ghal/git/DATX05/pstclassifierseqan/seqan3/submodules/range-v3/include -I/home/ghal/git/DATX05/pstclassifierseqan/seqan3/submodules/cereal/include  -pthread -DCONCEPTS_FLAG-std=c++20  -pthread -std=c++20   -std=gnu++17 -o CMakeFiles/cmTC_f67d7.dir/src.cxx.o -c /home/ghal/git/DATX05/pstclassifierseqan/src/build/debug/CMakeFiles/CMakeTmp/src.cxx
c++: error: unrecognized command line option ‘-std=c++20’; did you mean ‘-std=c++2a’?
make[2]: *** [CMakeFiles/cmTC_f67d7.dir/build.make:66: CMakeFiles/cmTC_f67d7.dir/src.cxx.o] Error 1
make[2]: Leaving directory '/home/ghal/git/DATX05/pstclassifierseqan/src/build/debug/CMakeFiles/CMakeTmp'
make[1]: *** [Makefile:121: cmTC_f67d7/fast] Error 2
make[1]: Leaving directory '/home/ghal/git/DATX05/pstclassifierseqan/src/build/debug/CMakeFiles/CMakeTmp'


Source file was:
static_assert (__cpp_concepts >= 201507);
    int main() {}
Performing C++ SOURCE FILE Test CONCEPTS_FLAG-std=c++2a failed with the following output:
Change Dir: /home/ghal/git/DATX05/pstclassifierseqan/src/build/debug/CMakeFiles/CMakeTmp

Run Build Command(s):/usr/bin/make cmTC_ca2ac/fast && make[1]: Entering directory '/home/ghal/git/DATX05/pstclassifierseqan/src/build/debug/CMakeFiles/CMakeTmp'
/usr/bin/make -f CMakeFiles/cmTC_ca2ac.dir/build.make CMakeFiles/cmTC_ca2ac.dir/build
make[2]: Entering directory '/home/ghal/git/DATX05/pstclassifierseqan/src/build/debug/CMakeFiles/CMakeTmp'
Building CXX object CMakeFiles/cmTC_ca2ac.dir/src.cxx.o
/usr/bin/c++   -I/home/ghal/git/DATX05/pstclassifierseqan/seqan3/include -I/home/ghal/git/DATX05/pstclassifierseqan/seqan3/submodules/sdsl-lite/include -I/home/ghal/git/DATX05/pstclassifierseqan/seqan3/submodules/range-v3/include -I/home/ghal/git/DATX05/pstclassifierseqan/seqan3/submodules/cereal/include  -pthread -DCONCEPTS_FLAG-std=c++2a  -pthread -std=c++2a   -std=gnu++17 -o CMakeFiles/cmTC_ca2ac.dir/src.cxx.o -c /home/ghal/git/DATX05/pstclassifierseqan/src/build/debug/CMakeFiles/CMakeTmp/src.cxx
<command-line>: warning: ISO C++11 requires whitespace after the macro name
/home/ghal/git/DATX05/pstclassifierseqan/src/build/debug/CMakeFiles/CMakeTmp/src.cxx:1:16: error: ‘__cpp_concepts’ was not declared in this scope
    1 | static_assert (__cpp_concepts >= 201507);
      |                ^~~~~~~~~~~~~~
make[2]: *** [CMakeFiles/cmTC_ca2ac.dir/build.make:66: CMakeFiles/cmTC_ca2ac.dir/src.cxx.o] Error 1
make[2]: Leaving directory '/home/ghal/git/DATX05/pstclassifierseqan/src/build/debug/CMakeFiles/CMakeTmp'
make[1]: *** [Makefile:121: cmTC_ca2ac/fast] Error 2
make[1]: Leaving directory '/home/ghal/git/DATX05/pstclassifierseqan/src/build/debug/CMakeFiles/CMakeTmp'


Source file was:
static_assert (__cpp_concepts >= 201507);
    int main() {}
Performing C++ SOURCE FILE Test CONCEPTS_FLAG-std=c++20 failed with the following output:
Change Dir: /home/ghal/git/DATX05/pstclassifierseqan/src/build/debug/CMakeFiles/CMakeTmp

Run Build Command(s):/usr/bin/make cmTC_90c62/fast && make[1]: Entering directory '/home/ghal/git/DATX05/pstclassifierseqan/src/build/debug/CMakeFiles/CMakeTmp'
/usr/bin/make -f CMakeFiles/cmTC_90c62.dir/build.make CMakeFiles/cmTC_90c62.dir/build
make[2]: Entering directory '/home/ghal/git/DATX05/pstclassifierseqan/src/build/debug/CMakeFiles/CMakeTmp'
Building CXX object CMakeFiles/cmTC_90c62.dir/src.cxx.o
/usr/bin/c++   -I/home/ghal/git/DATX05/pstclassifierseqan/seqan3/include -I/home/ghal/git/DATX05/pstclassifierseqan/seqan3/submodules/sdsl-lite/include -I/home/ghal/git/DATX05/pstclassifierseqan/seqan3/submodules/range-v3/include -I/home/ghal/git/DATX05/pstclassifierseqan/seqan3/submodules/cereal/include  -pthread -DCONCEPTS_FLAG-std=c++20  -pthread -std=c++20   -std=gnu++17 -o CMakeFiles/cmTC_90c62.dir/src.cxx.o -c /home/ghal/git/DATX05/pstclassifierseqan/src/build/debug/CMakeFiles/CMakeTmp/src.cxx
c++: error: unrecognized command line option ‘-std=c++20’; did you mean ‘-std=c++2a’?
make[2]: *** [CMakeFiles/cmTC_90c62.dir/build.make:66: CMakeFiles/cmTC_90c62.dir/src.cxx.o] Error 1
make[2]: Leaving directory '/home/ghal/git/DATX05/pstclassifierseqan/src/build/debug/CMakeFiles/CMakeTmp'
make[1]: *** [Makefile:121: cmTC_90c62/fast] Error 2
make[1]: Leaving directory '/home/ghal/git/DATX05/pstclassifierseqan/src/build/debug/CMakeFiles/CMakeTmp'


Source file was:
static_assert (__cpp_concepts >= 201507);
    int main() {}
Performing C++ SOURCE FILE Test CONCEPTS_FLAG-std=c++2a failed with the following output:
Change Dir: /home/ghal/git/DATX05/pstclassifierseqan/src/build/debug/CMakeFiles/CMakeTmp

Run Build Command(s):/usr/bin/make cmTC_f14c4/fast && make[1]: Entering directory '/home/ghal/git/DATX05/pstclassifierseqan/src/build/debug/CMakeFiles/CMakeTmp'
/usr/bin/make -f CMakeFiles/cmTC_f14c4.dir/build.make CMakeFiles/cmTC_f14c4.dir/build
make[2]: Entering directory '/home/ghal/git/DATX05/pstclassifierseqan/src/build/debug/CMakeFiles/CMakeTmp'
Building CXX object CMakeFiles/cmTC_f14c4.dir/src.cxx.o
/usr/bin/c++   -I/home/ghal/git/DATX05/pstclassifierseqan/seqan3/include -I/home/ghal/git/DATX05/pstclassifierseqan/seqan3/submodules/sdsl-lite/include -I/home/ghal/git/DATX05/pstclassifierseqan/seqan3/submodules/range-v3/include -I/home/ghal/git/DATX05/pstclassifierseqan/seqan3/submodules/cereal/include  -pthread -DCONCEPTS_FLAG-std=c++2a  -pthread -std=c++2a   -std=gnu++17 -o CMakeFiles/cmTC_f14c4.dir/src.cxx.o -c /home/ghal/git/DATX05/pstclassifierseqan/src/build/debug/CMakeFiles/CMakeTmp/src.cxx
<command-line>: warning: ISO C++11 requires whitespace after the macro name
/home/ghal/git/DATX05/pstclassifierseqan/src/build/debug/CMakeFiles/CMakeTmp/src.cxx:1:16: error: ‘__cpp_concepts’ was not declared in this scope
    1 | static_assert (__cpp_concepts >= 201507);
      |                ^~~~~~~~~~~~~~
make[2]: *** [CMakeFiles/cmTC_f14c4.dir/build.make:66: CMakeFiles/cmTC_f14c4.dir/src.cxx.o] Error 1
make[2]: Leaving directory '/home/ghal/git/DATX05/pstclassifierseqan/src/build/debug/CMakeFiles/CMakeTmp'
make[1]: *** [Makefile:121: cmTC_f14c4/fast] Error 2
make[1]: Leaving directory '/home/ghal/git/DATX05/pstclassifierseqan/src/build/debug/CMakeFiles/CMakeTmp'


Source file was:
static_assert (__cpp_concepts >= 201507);
    int main() {}
Performing C++ SOURCE FILE Test CONCEPTS_FLAG-std=c++20 failed with the following output:
Change Dir: /home/ghal/git/DATX05/pstclassifierseqan/src/build/debug/CMakeFiles/CMakeTmp

Run Build Command(s):/usr/bin/make cmTC_99e83/fast && /usr/bin/make -f CMakeFiles/cmTC_99e83.dir/build.make CMakeFiles/cmTC_99e83.dir/build
make[1]: Entering directory '/home/ghal/git/DATX05/pstclassifierseqan/src/build/debug/CMakeFiles/CMakeTmp'
Building CXX object CMakeFiles/cmTC_99e83.dir/src.cxx.o
/usr/bin/c++   -I/home/ghal/git/DATX05/pstclassifierseqan/seqan3/include -I/home/ghal/git/DATX05/pstclassifierseqan/seqan3/submodules/sdsl-lite/include -I/home/ghal/git/DATX05/pstclassifierseqan/seqan3/submodules/range-v3/include -I/home/ghal/git/DATX05/pstclassifierseqan/seqan3/submodules/cereal/include  -pthread -DCONCEPTS_FLAG-std=c++20  -pthread -std=c++20   -std=gnu++2a -o CMakeFiles/cmTC_99e83.dir/src.cxx.o -c /home/ghal/git/DATX05/pstclassifierseqan/src/build/debug/CMakeFiles/CMakeTmp/src.cxx
c++: error: unrecognized command line option ‘-std=c++20’; did you mean ‘-std=c++2a’?
make[1]: *** [CMakeFiles/cmTC_99e83.dir/build.make:66: CMakeFiles/cmTC_99e83.dir/src.cxx.o] Error 1
make[1]: Leaving directory '/home/ghal/git/DATX05/pstclassifierseqan/src/build/debug/CMakeFiles/CMakeTmp'
make: *** [Makefile:121: cmTC_99e83/fast] Error 2


Source file was:
static_assert (__cpp_concepts >= 201507);
    int main() {}
Performing C++ SOURCE FILE Test CONCEPTS_FLAG-std=c++2a failed with the following output:
Change Dir: /home/ghal/git/DATX05/pstclassifierseqan/src/build/debug/CMakeFiles/CMakeTmp

Run Build Command(s):/usr/bin/make cmTC_6b2ed/fast && /usr/bin/make -f CMakeFiles/cmTC_6b2ed.dir/build.make CMakeFiles/cmTC_6b2ed.dir/build
make[1]: Entering directory '/home/ghal/git/DATX05/pstclassifierseqan/src/build/debug/CMakeFiles/CMakeTmp'
Building CXX object CMakeFiles/cmTC_6b2ed.dir/src.cxx.o
/usr/bin/c++   -I/home/ghal/git/DATX05/pstclassifierseqan/seqan3/include -I/home/ghal/git/DATX05/pstclassifierseqan/seqan3/submodules/sdsl-lite/include -I/home/ghal/git/DATX05/pstclassifierseqan/seqan3/submodules/range-v3/include -I/home/ghal/git/DATX05/pstclassifierseqan/seqan3/submodules/cereal/include  -pthread -DCONCEPTS_FLAG-std=c++2a  -pthread -std=c++2a   -std=gnu++2a -o CMakeFiles/cmTC_6b2ed.dir/src.cxx.o -c /home/ghal/git/DATX05/pstclassifierseqan/src/build/debug/CMakeFiles/CMakeTmp/src.cxx
<command-line>: warning: ISO C++11 requires whitespace after the macro name
/home/ghal/git/DATX05/pstclassifierseqan/src/build/debug/CMakeFiles/CMakeTmp/src.cxx:1:16: error: ‘__cpp_concepts’ was not declared in this scope
    1 | static_assert (__cpp_concepts >= 201507);
      |                ^~~~~~~~~~~~~~
make[1]: *** [CMakeFiles/cmTC_6b2ed.dir/build.make:66: CMakeFiles/cmTC_6b2ed.dir/src.cxx.o] Error 1
make[1]: Leaving directory '/home/ghal/git/DATX05/pstclassifierseqan/src/build/debug/CMakeFiles/CMakeTmp'
make: *** [Makefile:121: cmTC_6b2ed/fast] Error 2


Source file was:
static_assert (__cpp_concepts >= 201507);
    int main() {}
Performing C++ SOURCE FILE Test CONCEPTS_FLAG-std=c++20 failed with the following output:
Change Dir: /home/ghal/git/DATX05/pstclassifierseqan/src/build/debug/CMakeFiles/CMakeTmp

Run Build Command(s):/usr/bin/make cmTC_c6623/fast && make[1]: Entering directory '/home/ghal/git/DATX05/pstclassifierseqan/src/build/debug/CMakeFiles/CMakeTmp'
/usr/bin/make -f CMakeFiles/cmTC_c6623.dir/build.make CMakeFiles/cmTC_c6623.dir/build
make[2]: Entering directory '/home/ghal/git/DATX05/pstclassifierseqan/src/build/debug/CMakeFiles/CMakeTmp'
Building CXX object CMakeFiles/cmTC_c6623.dir/src.cxx.o
/usr/bin/c++   -I/home/ghal/git/DATX05/pstclassifierseqan/seqan3/include -I/home/ghal/git/DATX05/pstclassifierseqan/seqan3/submodules/sdsl-lite/include -I/home/ghal/git/DATX05/pstclassifierseqan/seqan3/submodules/range-v3/include -I/home/ghal/git/DATX05/pstclassifierseqan/seqan3/submodules/cereal/include  -pthread -DCONCEPTS_FLAG-std=c++20  -pthread -std=c++20   -std=gnu++17 -o CMakeFiles/cmTC_c6623.dir/src.cxx.o -c /home/ghal/git/DATX05/pstclassifierseqan/src/build/debug/CMakeFiles/CMakeTmp/src.cxx
c++: error: unrecognized command line option ‘-std=c++20’; did you mean ‘-std=c++2a’?
make[2]: *** [CMakeFiles/cmTC_c6623.dir/build.make:66: CMakeFiles/cmTC_c6623.dir/src.cxx.o] Error 1
make[2]: Leaving directory '/home/ghal/git/DATX05/pstclassifierseqan/src/build/debug/CMakeFiles/CMakeTmp'
make[1]: *** [Makefile:121: cmTC_c6623/fast] Error 2
make[1]: Leaving directory '/home/ghal/git/DATX05/pstclassifierseqan/src/build/debug/CMakeFiles/CMakeTmp'


Source file was:
static_assert (__cpp_concepts >= 201507);
    int main() {}
Performing C++ SOURCE FILE Test CONCEPTS_FLAG-std=c++2a failed with the following output:
Change Dir: /home/ghal/git/DATX05/pstclassifierseqan/src/build/debug/CMakeFiles/CMakeTmp

Run Build Command(s):/usr/bin/make cmTC_26b8b/fast && make[1]: Entering directory '/home/ghal/git/DATX05/pstclassifierseqan/src/build/debug/CMakeFiles/CMakeTmp'
/usr/bin/make -f CMakeFiles/cmTC_26b8b.dir/build.make CMakeFiles/cmTC_26b8b.dir/build
make[2]: Entering directory '/home/ghal/git/DATX05/pstclassifierseqan/src/build/debug/CMakeFiles/CMakeTmp'
Building CXX object CMakeFiles/cmTC_26b8b.dir/src.cxx.o
/usr/bin/c++   -I/home/ghal/git/DATX05/pstclassifierseqan/seqan3/include -I/home/ghal/git/DATX05/pstclassifierseqan/seqan3/submodules/sdsl-lite/include -I/home/ghal/git/DATX05/pstclassifierseqan/seqan3/submodules/range-v3/include -I/home/ghal/git/DATX05/pstclassifierseqan/seqan3/submodules/cereal/include  -pthread -DCONCEPTS_FLAG-std=c++2a  -pthread -std=c++2a   -std=gnu++17 -o CMakeFiles/cmTC_26b8b.dir/src.cxx.o -c /home/ghal/git/DATX05/pstclassifierseqan/src/build/debug/CMakeFiles/CMakeTmp/src.cxx
<command-line>: warning: ISO C++11 requires whitespace after the macro name
/home/ghal/git/DATX05/pstclassifierseqan/src/build/debug/CMakeFiles/CMakeTmp/src.cxx:1:16: error: ‘__cpp_concepts’ was not declared in this scope
    1 | static_assert (__cpp_concepts >= 201507);
      |                ^~~~~~~~~~~~~~
make[2]: *** [CMakeFiles/cmTC_26b8b.dir/build.make:66: CMakeFiles/cmTC_26b8b.dir/src.cxx.o] Error 1
make[2]: Leaving directory '/home/ghal/git/DATX05/pstclassifierseqan/src/build/debug/CMakeFiles/CMakeTmp'
make[1]: *** [Makefile:121: cmTC_26b8b/fast] Error 2
make[1]: Leaving directory '/home/ghal/git/DATX05/pstclassifierseqan/src/build/debug/CMakeFiles/CMakeTmp'


Source file was:
static_assert (__cpp_concepts >= 201507);
    int main() {}
Performing C++ SOURCE FILE Test CONCEPTS_FLAG-std=c++20 failed with the following output:
Change Dir: /home/ghal/git/DATX05/pstclassifierseqan/src/build/debug/CMakeFiles/CMakeTmp

Run Build Command(s):/usr/bin/make cmTC_b3405/fast && /usr/bin/make -f CMakeFiles/cmTC_b3405.dir/build.make CMakeFiles/cmTC_b3405.dir/build
make[1]: Entering directory '/home/ghal/git/DATX05/pstclassifierseqan/src/build/debug/CMakeFiles/CMakeTmp'
Building CXX object CMakeFiles/cmTC_b3405.dir/src.cxx.o
/usr/bin/c++   -I/home/ghal/git/DATX05/pstclassifierseqan/seqan3/include -I/home/ghal/git/DATX05/pstclassifierseqan/seqan3/submodules/sdsl-lite/include -I/home/ghal/git/DATX05/pstclassifierseqan/seqan3/submodules/range-v3/include -I/home/ghal/git/DATX05/pstclassifierseqan/seqan3/submodules/cereal/include  -pthread -DCONCEPTS_FLAG-std=c++20  -pthread -std=c++20   -std=gnu++17 -o CMakeFiles/cmTC_b3405.dir/src.cxx.o -c /home/ghal/git/DATX05/pstclassifierseqan/src/build/debug/CMakeFiles/CMakeTmp/src.cxx
c++: error: unrecognized command line option ‘-std=c++20’; did you mean ‘-std=c++2a’?
make[1]: *** [CMakeFiles/cmTC_b3405.dir/build.make:66: CMakeFiles/cmTC_b3405.dir/src.cxx.o] Error 1
make[1]: Leaving directory '/home/ghal/git/DATX05/pstclassifierseqan/src/build/debug/CMakeFiles/CMakeTmp'
make: *** [Makefile:121: cmTC_b3405/fast] Error 2


Source file was:
static_assert (__cpp_concepts >= 201507);
    int main() {}
Performing C++ SOURCE FILE Test CONCEPTS_FLAG-std=c++2a failed with the following output:
Change Dir: /home/ghal/git/DATX05/pstclassifierseqan/src/build/debug/CMakeFiles/CMakeTmp

Run Build Command(s):/usr/bin/make cmTC_bfe6f/fast && /usr/bin/make -f CMakeFiles/cmTC_bfe6f.dir/build.make CMakeFiles/cmTC_bfe6f.dir/build
make[1]: Entering directory '/home/ghal/git/DATX05/pstclassifierseqan/src/build/debug/CMakeFiles/CMakeTmp'
Building CXX object CMakeFiles/cmTC_bfe6f.dir/src.cxx.o
/usr/bin/c++   -I/home/ghal/git/DATX05/pstclassifierseqan/seqan3/include -I/home/ghal/git/DATX05/pstclassifierseqan/seqan3/submodules/sdsl-lite/include -I/home/ghal/git/DATX05/pstclassifierseqan/seqan3/submodules/range-v3/include -I/home/ghal/git/DATX05/pstclassifierseqan/seqan3/submodules/cereal/include  -pthread -DCONCEPTS_FLAG-std=c++2a  -pthread -std=c++2a   -std=gnu++17 -o CMakeFiles/cmTC_bfe6f.dir/src.cxx.o -c /home/ghal/git/DATX05/pstclassifierseqan/src/build/debug/CMakeFiles/CMakeTmp/src.cxx
<command-line>: warning: ISO C++11 requires whitespace after the macro name
/home/ghal/git/DATX05/pstclassifierseqan/src/build/debug/CMakeFiles/CMakeTmp/src.cxx:1:16: error: ‘__cpp_concepts’ was not declared in this scope
    1 | static_assert (__cpp_concepts >= 201507);
      |                ^~~~~~~~~~~~~~
make[1]: *** [CMakeFiles/cmTC_bfe6f.dir/build.make:66: CMakeFiles/cmTC_bfe6f.dir/src.cxx.o] Error 1
make[1]: Leaving directory '/home/ghal/git/DATX05/pstclassifierseqan/src/build/debug/CMakeFiles/CMakeTmp'
make: *** [Makefile:121: cmTC_bfe6f/fast] Error 2


Source file was:
static_assert (__cpp_concepts >= 201507);
    int main() {}
Performing C++ SOURCE FILE Test CONCEPTS_FLAG-std=c++20 failed with the following output:
Change Dir: /home/ghal/git/DATX05/pstclassifierseqan/src/build/debug/CMakeFiles/CMakeTmp

Run Build Command(s):/usr/bin/make cmTC_80b70/fast && /usr/bin/make -f CMakeFiles/cmTC_80b70.dir/build.make CMakeFiles/cmTC_80b70.dir/build
make[1]: Entering directory '/home/ghal/git/DATX05/pstclassifierseqan/src/build/debug/CMakeFiles/CMakeTmp'
Building CXX object CMakeFiles/cmTC_80b70.dir/src.cxx.o
/usr/bin/c++   -I/home/ghal/git/DATX05/pstclassifierseqan/seqan3/include -I/home/ghal/git/DATX05/pstclassifierseqan/seqan3/submodules/sdsl-lite/include -I/home/ghal/git/DATX05/pstclassifierseqan/seqan3/submodules/range-v3/include -I/home/ghal/git/DATX05/pstclassifierseqan/seqan3/submodules/cereal/include  -pthread -DCONCEPTS_FLAG-std=c++20  -pthread -std=c++20   -std=gnu++17 -o CMakeFiles/cmTC_80b70.dir/src.cxx.o -c /home/ghal/git/DATX05/pstclassifierseqan/src/build/debug/CMakeFiles/CMakeTmp/src.cxx
c++: error: unrecognized command line option ‘-std=c++20’; did you mean ‘-std=c++2a’?
make[1]: *** [CMakeFiles/cmTC_80b70.dir/build.make:66: CMakeFiles/cmTC_80b70.dir/src.cxx.o] Error 1
make[1]: Leaving directory '/home/ghal/git/DATX05/pstclassifierseqan/src/build/debug/CMakeFiles/CMakeTmp'
make: *** [Makefile:121: cmTC_80b70/fast] Error 2


Source file was:
static_assert (__cpp_concepts >= 201507);
    int main() {}
Performing C++ SOURCE FILE Test CONCEPTS_FLAG-std=c++2a failed with the following output:
Change Dir: /home/ghal/git/DATX05/pstclassifierseqan/src/build/debug/CMakeFiles/CMakeTmp

Run Build Command(s):/usr/bin/make cmTC_71b37/fast && /usr/bin/make -f CMakeFiles/cmTC_71b37.dir/build.make CMakeFiles/cmTC_71b37.dir/build
make[1]: Entering directory '/home/ghal/git/DATX05/pstclassifierseqan/src/build/debug/CMakeFiles/CMakeTmp'
Building CXX object CMakeFiles/cmTC_71b37.dir/src.cxx.o
/usr/bin/c++   -I/home/ghal/git/DATX05/pstclassifierseqan/seqan3/include -I/home/ghal/git/DATX05/pstclassifierseqan/seqan3/submodules/sdsl-lite/include -I/home/ghal/git/DATX05/pstclassifierseqan/seqan3/submodules/range-v3/include -I/home/ghal/git/DATX05/pstclassifierseqan/seqan3/submodules/cereal/include  -pthread -DCONCEPTS_FLAG-std=c++2a  -pthread -std=c++2a   -std=gnu++17 -o CMakeFiles/cmTC_71b37.dir/src.cxx.o -c /home/ghal/git/DATX05/pstclassifierseqan/src/build/debug/CMakeFiles/CMakeTmp/src.cxx
<command-line>: warning: ISO C++11 requires whitespace after the macro name
/home/ghal/git/DATX05/pstclassifierseqan/src/build/debug/CMakeFiles/CMakeTmp/src.cxx:1:16: error: ‘__cpp_concepts’ was not declared in this scope
    1 | static_assert (__cpp_concepts >= 201507);
      |                ^~~~~~~~~~~~~~
make[1]: *** [CMakeFiles/cmTC_71b37.dir/build.make:66: CMakeFiles/cmTC_71b37.dir/src.cxx.o] Error 1
make[1]: Leaving directory '/home/ghal/git/DATX05/pstclassifierseqan/src/build/debug/CMakeFiles/CMakeTmp'
make: *** [Makefile:121: cmTC_71b37/fast] Error 2


Source file was:
static_assert (__cpp_concepts >= 201507);
    int main() {}
