Performing C++ SOURCE FILE Test CONCEPTS_BUILTIN failed with the following output:
Change Dir: /home/ghal/git/DATX05/pstclassifierseqan/src/build/release/CMakeFiles/CMakeTmp

Run Build Command(s):/usr/bin/make cmTC_b9781/fast && /usr/bin/make -f CMakeFiles/cmTC_b9781.dir/build.make CMakeFiles/cmTC_b9781.dir/build
make[1]: Entering directory '/home/ghal/git/DATX05/pstclassifierseqan/src/build/release/CMakeFiles/CMakeTmp'
Building CXX object CMakeFiles/cmTC_b9781.dir/src.cxx.o
/usr/bin/c++   -I/home/ghal/git/DATX05/pstclassifierseqan/seqan3/include -I/home/ghal/git/DATX05/pstclassifierseqan/seqan3/submodules/sdsl-lite/include -I/home/ghal/git/DATX05/pstclassifierseqan/seqan3/submodules/range-v3/include -I/home/ghal/git/DATX05/pstclassifierseqan/seqan3/submodules/cereal/include  -pthread -DCONCEPTS_BUILTIN  -pthread   -std=gnu++17 -o CMakeFiles/cmTC_b9781.dir/src.cxx.o -c /home/ghal/git/DATX05/pstclassifierseqan/src/build/release/CMakeFiles/CMakeTmp/src.cxx
/home/ghal/git/DATX05/pstclassifierseqan/src/build/release/CMakeFiles/CMakeTmp/src.cxx:1:16: error: ‘__cpp_concepts’ was not declared in this scope
    1 | static_assert (__cpp_concepts >= 201507);
      |                ^~~~~~~~~~~~~~
make[1]: *** [CMakeFiles/cmTC_b9781.dir/build.make:66: CMakeFiles/cmTC_b9781.dir/src.cxx.o] Error 1
make[1]: Leaving directory '/home/ghal/git/DATX05/pstclassifierseqan/src/build/release/CMakeFiles/CMakeTmp'
make: *** [Makefile:121: cmTC_b9781/fast] Error 2


Source file was:
static_assert (__cpp_concepts >= 201507);
    int main() {}
Performing C++ SOURCE FILE Test CONCEPTS_FLAG-std=c++20 failed with the following output:
Change Dir: /home/ghal/git/DATX05/pstclassifierseqan/src/build/release/CMakeFiles/CMakeTmp

Run Build Command(s):/usr/bin/make cmTC_739f6/fast && /usr/bin/make -f CMakeFiles/cmTC_739f6.dir/build.make CMakeFiles/cmTC_739f6.dir/build
make[1]: Entering directory '/home/ghal/git/DATX05/pstclassifierseqan/src/build/release/CMakeFiles/CMakeTmp'
Building CXX object CMakeFiles/cmTC_739f6.dir/src.cxx.o
/usr/bin/c++   -I/home/ghal/git/DATX05/pstclassifierseqan/seqan3/include -I/home/ghal/git/DATX05/pstclassifierseqan/seqan3/submodules/sdsl-lite/include -I/home/ghal/git/DATX05/pstclassifierseqan/seqan3/submodules/range-v3/include -I/home/ghal/git/DATX05/pstclassifierseqan/seqan3/submodules/cereal/include  -pthread -DCONCEPTS_FLAG-std=c++20  -pthread -std=c++20   -std=gnu++17 -o CMakeFiles/cmTC_739f6.dir/src.cxx.o -c /home/ghal/git/DATX05/pstclassifierseqan/src/build/release/CMakeFiles/CMakeTmp/src.cxx
c++: error: unrecognized command line option ‘-std=c++20’; did you mean ‘-std=c++2a’?
make[1]: *** [CMakeFiles/cmTC_739f6.dir/build.make:66: CMakeFiles/cmTC_739f6.dir/src.cxx.o] Error 1
make[1]: Leaving directory '/home/ghal/git/DATX05/pstclassifierseqan/src/build/release/CMakeFiles/CMakeTmp'
make: *** [Makefile:121: cmTC_739f6/fast] Error 2


Source file was:
static_assert (__cpp_concepts >= 201507);
    int main() {}
Performing C++ SOURCE FILE Test CONCEPTS_FLAG-std=c++2a failed with the following output:
Change Dir: /home/ghal/git/DATX05/pstclassifierseqan/src/build/release/CMakeFiles/CMakeTmp

Run Build Command(s):/usr/bin/make cmTC_9e9fe/fast && /usr/bin/make -f CMakeFiles/cmTC_9e9fe.dir/build.make CMakeFiles/cmTC_9e9fe.dir/build
make[1]: Entering directory '/home/ghal/git/DATX05/pstclassifierseqan/src/build/release/CMakeFiles/CMakeTmp'
Building CXX object CMakeFiles/cmTC_9e9fe.dir/src.cxx.o
/usr/bin/c++   -I/home/ghal/git/DATX05/pstclassifierseqan/seqan3/include -I/home/ghal/git/DATX05/pstclassifierseqan/seqan3/submodules/sdsl-lite/include -I/home/ghal/git/DATX05/pstclassifierseqan/seqan3/submodules/range-v3/include -I/home/ghal/git/DATX05/pstclassifierseqan/seqan3/submodules/cereal/include  -pthread -DCONCEPTS_FLAG-std=c++2a  -pthread -std=c++2a   -std=gnu++17 -o CMakeFiles/cmTC_9e9fe.dir/src.cxx.o -c /home/ghal/git/DATX05/pstclassifierseqan/src/build/release/CMakeFiles/CMakeTmp/src.cxx
<command-line>: warning: ISO C++11 requires whitespace after the macro name
/home/ghal/git/DATX05/pstclassifierseqan/src/build/release/CMakeFiles/CMakeTmp/src.cxx:1:16: error: ‘__cpp_concepts’ was not declared in this scope
    1 | static_assert (__cpp_concepts >= 201507);
      |                ^~~~~~~~~~~~~~
make[1]: *** [CMakeFiles/cmTC_9e9fe.dir/build.make:66: CMakeFiles/cmTC_9e9fe.dir/src.cxx.o] Error 1
make[1]: Leaving directory '/home/ghal/git/DATX05/pstclassifierseqan/src/build/release/CMakeFiles/CMakeTmp'
make: *** [Makefile:121: cmTC_9e9fe/fast] Error 2


Source file was:
static_assert (__cpp_concepts >= 201507);
    int main() {}
Performing C++ SOURCE FILE Test CONCEPTS_FLAG-std=c++20 failed with the following output:
Change Dir: /home/ghal/git/DATX05/pstclassifierseqan/src/build/release/CMakeFiles/CMakeTmp

Run Build Command(s):/usr/bin/make cmTC_6b4da/fast && /usr/bin/make -f CMakeFiles/cmTC_6b4da.dir/build.make CMakeFiles/cmTC_6b4da.dir/build
make[1]: Entering directory '/home/ghal/git/DATX05/pstclassifierseqan/src/build/release/CMakeFiles/CMakeTmp'
Building CXX object CMakeFiles/cmTC_6b4da.dir/src.cxx.o
/usr/bin/c++   -I/home/ghal/git/DATX05/pstclassifierseqan/seqan3/include -I/home/ghal/git/DATX05/pstclassifierseqan/seqan3/submodules/sdsl-lite/include -I/home/ghal/git/DATX05/pstclassifierseqan/seqan3/submodules/range-v3/include -I/home/ghal/git/DATX05/pstclassifierseqan/seqan3/submodules/cereal/include  -pthread -DCONCEPTS_FLAG-std=c++20  -pthread -std=c++20   -std=gnu++17 -o CMakeFiles/cmTC_6b4da.dir/src.cxx.o -c /home/ghal/git/DATX05/pstclassifierseqan/src/build/release/CMakeFiles/CMakeTmp/src.cxx
c++: error: unrecognized command line option ‘-std=c++20’; did you mean ‘-std=c++2a’?
make[1]: *** [CMakeFiles/cmTC_6b4da.dir/build.make:66: CMakeFiles/cmTC_6b4da.dir/src.cxx.o] Error 1
make[1]: Leaving directory '/home/ghal/git/DATX05/pstclassifierseqan/src/build/release/CMakeFiles/CMakeTmp'
make: *** [Makefile:121: cmTC_6b4da/fast] Error 2


Source file was:
static_assert (__cpp_concepts >= 201507);
    int main() {}
Performing C++ SOURCE FILE Test CONCEPTS_FLAG-std=c++2a failed with the following output:
Change Dir: /home/ghal/git/DATX05/pstclassifierseqan/src/build/release/CMakeFiles/CMakeTmp

Run Build Command(s):/usr/bin/make cmTC_0c656/fast && /usr/bin/make -f CMakeFiles/cmTC_0c656.dir/build.make CMakeFiles/cmTC_0c656.dir/build
make[1]: Entering directory '/home/ghal/git/DATX05/pstclassifierseqan/src/build/release/CMakeFiles/CMakeTmp'
Building CXX object CMakeFiles/cmTC_0c656.dir/src.cxx.o
/usr/bin/c++   -I/home/ghal/git/DATX05/pstclassifierseqan/seqan3/include -I/home/ghal/git/DATX05/pstclassifierseqan/seqan3/submodules/sdsl-lite/include -I/home/ghal/git/DATX05/pstclassifierseqan/seqan3/submodules/range-v3/include -I/home/ghal/git/DATX05/pstclassifierseqan/seqan3/submodules/cereal/include  -pthread -DCONCEPTS_FLAG-std=c++2a  -pthread -std=c++2a   -std=gnu++17 -o CMakeFiles/cmTC_0c656.dir/src.cxx.o -c /home/ghal/git/DATX05/pstclassifierseqan/src/build/release/CMakeFiles/CMakeTmp/src.cxx
<command-line>: warning: ISO C++11 requires whitespace after the macro name
/home/ghal/git/DATX05/pstclassifierseqan/src/build/release/CMakeFiles/CMakeTmp/src.cxx:1:16: error: ‘__cpp_concepts’ was not declared in this scope
    1 | static_assert (__cpp_concepts >= 201507);
      |                ^~~~~~~~~~~~~~
make[1]: *** [CMakeFiles/cmTC_0c656.dir/build.make:66: CMakeFiles/cmTC_0c656.dir/src.cxx.o] Error 1
make[1]: Leaving directory '/home/ghal/git/DATX05/pstclassifierseqan/src/build/release/CMakeFiles/CMakeTmp'
make: *** [Makefile:121: cmTC_0c656/fast] Error 2


Source file was:
static_assert (__cpp_concepts >= 201507);
    int main() {}
Performing C++ SOURCE FILE Test CONCEPTS_FLAG-std=c++20 failed with the following output:
Change Dir: /home/ghal/git/DATX05/pstclassifierseqan/src/build/release/CMakeFiles/CMakeTmp

Run Build Command(s):/usr/bin/make cmTC_e4afd/fast && /usr/bin/make -f CMakeFiles/cmTC_e4afd.dir/build.make CMakeFiles/cmTC_e4afd.dir/build
make[1]: Entering directory '/home/ghal/git/DATX05/pstclassifierseqan/src/build/release/CMakeFiles/CMakeTmp'
Building CXX object CMakeFiles/cmTC_e4afd.dir/src.cxx.o
/usr/bin/c++   -I/home/ghal/git/DATX05/pstclassifierseqan/seqan3/include -I/home/ghal/git/DATX05/pstclassifierseqan/seqan3/submodules/sdsl-lite/include -I/home/ghal/git/DATX05/pstclassifierseqan/seqan3/submodules/range-v3/include -I/home/ghal/git/DATX05/pstclassifierseqan/seqan3/submodules/cereal/include  -pthread -DCONCEPTS_FLAG-std=c++20  -pthread -std=c++20   -std=gnu++17 -o CMakeFiles/cmTC_e4afd.dir/src.cxx.o -c /home/ghal/git/DATX05/pstclassifierseqan/src/build/release/CMakeFiles/CMakeTmp/src.cxx
c++: error: unrecognized command line option ‘-std=c++20’; did you mean ‘-std=c++2a’?
make[1]: *** [CMakeFiles/cmTC_e4afd.dir/build.make:66: CMakeFiles/cmTC_e4afd.dir/src.cxx.o] Error 1
make[1]: Leaving directory '/home/ghal/git/DATX05/pstclassifierseqan/src/build/release/CMakeFiles/CMakeTmp'
make: *** [Makefile:121: cmTC_e4afd/fast] Error 2


Source file was:
static_assert (__cpp_concepts >= 201507);
    int main() {}
Performing C++ SOURCE FILE Test CONCEPTS_FLAG-std=c++2a failed with the following output:
Change Dir: /home/ghal/git/DATX05/pstclassifierseqan/src/build/release/CMakeFiles/CMakeTmp

Run Build Command(s):/usr/bin/make cmTC_02552/fast && /usr/bin/make -f CMakeFiles/cmTC_02552.dir/build.make CMakeFiles/cmTC_02552.dir/build
make[1]: Entering directory '/home/ghal/git/DATX05/pstclassifierseqan/src/build/release/CMakeFiles/CMakeTmp'
Building CXX object CMakeFiles/cmTC_02552.dir/src.cxx.o
/usr/bin/c++   -I/home/ghal/git/DATX05/pstclassifierseqan/seqan3/include -I/home/ghal/git/DATX05/pstclassifierseqan/seqan3/submodules/sdsl-lite/include -I/home/ghal/git/DATX05/pstclassifierseqan/seqan3/submodules/range-v3/include -I/home/ghal/git/DATX05/pstclassifierseqan/seqan3/submodules/cereal/include  -pthread -DCONCEPTS_FLAG-std=c++2a  -pthread -std=c++2a   -std=gnu++17 -o CMakeFiles/cmTC_02552.dir/src.cxx.o -c /home/ghal/git/DATX05/pstclassifierseqan/src/build/release/CMakeFiles/CMakeTmp/src.cxx
<command-line>: warning: ISO C++11 requires whitespace after the macro name
/home/ghal/git/DATX05/pstclassifierseqan/src/build/release/CMakeFiles/CMakeTmp/src.cxx:1:16: error: ‘__cpp_concepts’ was not declared in this scope
    1 | static_assert (__cpp_concepts >= 201507);
      |                ^~~~~~~~~~~~~~
make[1]: *** [CMakeFiles/cmTC_02552.dir/build.make:66: CMakeFiles/cmTC_02552.dir/src.cxx.o] Error 1
make[1]: Leaving directory '/home/ghal/git/DATX05/pstclassifierseqan/src/build/release/CMakeFiles/CMakeTmp'
make: *** [Makefile:121: cmTC_02552/fast] Error 2


Source file was:
static_assert (__cpp_concepts >= 201507);
    int main() {}
Performing C++ SOURCE FILE Test CONCEPTS_FLAG-std=c++20 failed with the following output:
Change Dir: /home/ghal/git/DATX05/pstclassifierseqan/src/build/release/CMakeFiles/CMakeTmp

Run Build Command(s):/usr/bin/make cmTC_91f4d/fast && make[1]: Entering directory '/home/ghal/git/DATX05/pstclassifierseqan/src/build/release/CMakeFiles/CMakeTmp'
/usr/bin/make -f CMakeFiles/cmTC_91f4d.dir/build.make CMakeFiles/cmTC_91f4d.dir/build
make[2]: Entering directory '/home/ghal/git/DATX05/pstclassifierseqan/src/build/release/CMakeFiles/CMakeTmp'
Building CXX object CMakeFiles/cmTC_91f4d.dir/src.cxx.o
/usr/bin/c++   -I/home/ghal/git/DATX05/pstclassifierseqan/seqan3/include -I/home/ghal/git/DATX05/pstclassifierseqan/seqan3/submodules/sdsl-lite/include -I/home/ghal/git/DATX05/pstclassifierseqan/seqan3/submodules/range-v3/include -I/home/ghal/git/DATX05/pstclassifierseqan/seqan3/submodules/cereal/include  -pthread -DCONCEPTS_FLAG-std=c++20  -pthread -std=c++20   -std=gnu++17 -o CMakeFiles/cmTC_91f4d.dir/src.cxx.o -c /home/ghal/git/DATX05/pstclassifierseqan/src/build/release/CMakeFiles/CMakeTmp/src.cxx
c++: error: unrecognized command line option ‘-std=c++20’; did you mean ‘-std=c++2a’?
make[2]: *** [CMakeFiles/cmTC_91f4d.dir/build.make:66: CMakeFiles/cmTC_91f4d.dir/src.cxx.o] Error 1
make[2]: Leaving directory '/home/ghal/git/DATX05/pstclassifierseqan/src/build/release/CMakeFiles/CMakeTmp'
make[1]: *** [Makefile:121: cmTC_91f4d/fast] Error 2
make[1]: Leaving directory '/home/ghal/git/DATX05/pstclassifierseqan/src/build/release/CMakeFiles/CMakeTmp'


Source file was:
static_assert (__cpp_concepts >= 201507);
    int main() {}
Performing C++ SOURCE FILE Test CONCEPTS_FLAG-std=c++2a failed with the following output:
Change Dir: /home/ghal/git/DATX05/pstclassifierseqan/src/build/release/CMakeFiles/CMakeTmp

Run Build Command(s):/usr/bin/make cmTC_c11c6/fast && make[1]: Entering directory '/home/ghal/git/DATX05/pstclassifierseqan/src/build/release/CMakeFiles/CMakeTmp'
/usr/bin/make -f CMakeFiles/cmTC_c11c6.dir/build.make CMakeFiles/cmTC_c11c6.dir/build
make[2]: Entering directory '/home/ghal/git/DATX05/pstclassifierseqan/src/build/release/CMakeFiles/CMakeTmp'
Building CXX object CMakeFiles/cmTC_c11c6.dir/src.cxx.o
/usr/bin/c++   -I/home/ghal/git/DATX05/pstclassifierseqan/seqan3/include -I/home/ghal/git/DATX05/pstclassifierseqan/seqan3/submodules/sdsl-lite/include -I/home/ghal/git/DATX05/pstclassifierseqan/seqan3/submodules/range-v3/include -I/home/ghal/git/DATX05/pstclassifierseqan/seqan3/submodules/cereal/include  -pthread -DCONCEPTS_FLAG-std=c++2a  -pthread -std=c++2a   -std=gnu++17 -o CMakeFiles/cmTC_c11c6.dir/src.cxx.o -c /home/ghal/git/DATX05/pstclassifierseqan/src/build/release/CMakeFiles/CMakeTmp/src.cxx
<command-line>: warning: ISO C++11 requires whitespace after the macro name
/home/ghal/git/DATX05/pstclassifierseqan/src/build/release/CMakeFiles/CMakeTmp/src.cxx:1:16: error: ‘__cpp_concepts’ was not declared in this scope
    1 | static_assert (__cpp_concepts >= 201507);
      |                ^~~~~~~~~~~~~~
make[2]: *** [CMakeFiles/cmTC_c11c6.dir/build.make:66: CMakeFiles/cmTC_c11c6.dir/src.cxx.o] Error 1
make[2]: Leaving directory '/home/ghal/git/DATX05/pstclassifierseqan/src/build/release/CMakeFiles/CMakeTmp'
make[1]: *** [Makefile:121: cmTC_c11c6/fast] Error 2
make[1]: Leaving directory '/home/ghal/git/DATX05/pstclassifierseqan/src/build/release/CMakeFiles/CMakeTmp'


Source file was:
static_assert (__cpp_concepts >= 201507);
    int main() {}
Performing C++ SOURCE FILE Test CONCEPTS_FLAG-std=c++20 failed with the following output:
Change Dir: /home/ghal/git/DATX05/pstclassifierseqan/src/build/release/CMakeFiles/CMakeTmp

Run Build Command(s):/usr/bin/make cmTC_b7f27/fast && /usr/bin/make -f CMakeFiles/cmTC_b7f27.dir/build.make CMakeFiles/cmTC_b7f27.dir/build
make[1]: Entering directory '/home/ghal/git/DATX05/pstclassifierseqan/src/build/release/CMakeFiles/CMakeTmp'
Building CXX object CMakeFiles/cmTC_b7f27.dir/src.cxx.o
/usr/bin/c++   -I/home/ghal/git/DATX05/pstclassifierseqan/seqan3/include -I/home/ghal/git/DATX05/pstclassifierseqan/seqan3/submodules/sdsl-lite/include -I/home/ghal/git/DATX05/pstclassifierseqan/seqan3/submodules/range-v3/include -I/home/ghal/git/DATX05/pstclassifierseqan/seqan3/submodules/cereal/include  -pthread -DCONCEPTS_FLAG-std=c++20  -pthread -std=c++20   -std=gnu++2a -o CMakeFiles/cmTC_b7f27.dir/src.cxx.o -c /home/ghal/git/DATX05/pstclassifierseqan/src/build/release/CMakeFiles/CMakeTmp/src.cxx
c++: error: unrecognized command line option ‘-std=c++20’; did you mean ‘-std=c++2a’?
make[1]: *** [CMakeFiles/cmTC_b7f27.dir/build.make:66: CMakeFiles/cmTC_b7f27.dir/src.cxx.o] Error 1
make[1]: Leaving directory '/home/ghal/git/DATX05/pstclassifierseqan/src/build/release/CMakeFiles/CMakeTmp'
make: *** [Makefile:121: cmTC_b7f27/fast] Error 2


Source file was:
static_assert (__cpp_concepts >= 201507);
    int main() {}
Performing C++ SOURCE FILE Test CONCEPTS_FLAG-std=c++2a failed with the following output:
Change Dir: /home/ghal/git/DATX05/pstclassifierseqan/src/build/release/CMakeFiles/CMakeTmp

Run Build Command(s):/usr/bin/make cmTC_4c081/fast && /usr/bin/make -f CMakeFiles/cmTC_4c081.dir/build.make CMakeFiles/cmTC_4c081.dir/build
make[1]: Entering directory '/home/ghal/git/DATX05/pstclassifierseqan/src/build/release/CMakeFiles/CMakeTmp'
Building CXX object CMakeFiles/cmTC_4c081.dir/src.cxx.o
/usr/bin/c++   -I/home/ghal/git/DATX05/pstclassifierseqan/seqan3/include -I/home/ghal/git/DATX05/pstclassifierseqan/seqan3/submodules/sdsl-lite/include -I/home/ghal/git/DATX05/pstclassifierseqan/seqan3/submodules/range-v3/include -I/home/ghal/git/DATX05/pstclassifierseqan/seqan3/submodules/cereal/include  -pthread -DCONCEPTS_FLAG-std=c++2a  -pthread -std=c++2a   -std=gnu++2a -o CMakeFiles/cmTC_4c081.dir/src.cxx.o -c /home/ghal/git/DATX05/pstclassifierseqan/src/build/release/CMakeFiles/CMakeTmp/src.cxx
<command-line>: warning: ISO C++11 requires whitespace after the macro name
/home/ghal/git/DATX05/pstclassifierseqan/src/build/release/CMakeFiles/CMakeTmp/src.cxx:1:16: error: ‘__cpp_concepts’ was not declared in this scope
    1 | static_assert (__cpp_concepts >= 201507);
      |                ^~~~~~~~~~~~~~
make[1]: *** [CMakeFiles/cmTC_4c081.dir/build.make:66: CMakeFiles/cmTC_4c081.dir/src.cxx.o] Error 1
make[1]: Leaving directory '/home/ghal/git/DATX05/pstclassifierseqan/src/build/release/CMakeFiles/CMakeTmp'
make: *** [Makefile:121: cmTC_4c081/fast] Error 2


Source file was:
static_assert (__cpp_concepts >= 201507);
    int main() {}
Performing C++ SOURCE FILE Test CONCEPTS_FLAG-std=c++20 failed with the following output:
Change Dir: /home/ghal/git/DATX05/pstclassifierseqan/src/build/release/CMakeFiles/CMakeTmp

Run Build Command(s):/usr/bin/make cmTC_a8a1b/fast && /usr/bin/make -f CMakeFiles/cmTC_a8a1b.dir/build.make CMakeFiles/cmTC_a8a1b.dir/build
make[1]: Entering directory '/home/ghal/git/DATX05/pstclassifierseqan/src/build/release/CMakeFiles/CMakeTmp'
Building CXX object CMakeFiles/cmTC_a8a1b.dir/src.cxx.o
/usr/bin/c++   -I/home/ghal/git/DATX05/pstclassifierseqan/seqan3/include -I/home/ghal/git/DATX05/pstclassifierseqan/seqan3/submodules/sdsl-lite/include -I/home/ghal/git/DATX05/pstclassifierseqan/seqan3/submodules/range-v3/include -I/home/ghal/git/DATX05/pstclassifierseqan/seqan3/submodules/cereal/include  -pthread -DCONCEPTS_FLAG-std=c++20  -pthread -std=c++20   -std=gnu++17 -o CMakeFiles/cmTC_a8a1b.dir/src.cxx.o -c /home/ghal/git/DATX05/pstclassifierseqan/src/build/release/CMakeFiles/CMakeTmp/src.cxx
c++: error: unrecognized command line option ‘-std=c++20’; did you mean ‘-std=c++2a’?
make[1]: *** [CMakeFiles/cmTC_a8a1b.dir/build.make:66: CMakeFiles/cmTC_a8a1b.dir/src.cxx.o] Error 1
make[1]: Leaving directory '/home/ghal/git/DATX05/pstclassifierseqan/src/build/release/CMakeFiles/CMakeTmp'
make: *** [Makefile:121: cmTC_a8a1b/fast] Error 2


Source file was:
static_assert (__cpp_concepts >= 201507);
    int main() {}
Performing C++ SOURCE FILE Test CONCEPTS_FLAG-std=c++2a failed with the following output:
Change Dir: /home/ghal/git/DATX05/pstclassifierseqan/src/build/release/CMakeFiles/CMakeTmp

Run Build Command(s):/usr/bin/make cmTC_2c91a/fast && /usr/bin/make -f CMakeFiles/cmTC_2c91a.dir/build.make CMakeFiles/cmTC_2c91a.dir/build
make[1]: Entering directory '/home/ghal/git/DATX05/pstclassifierseqan/src/build/release/CMakeFiles/CMakeTmp'
Building CXX object CMakeFiles/cmTC_2c91a.dir/src.cxx.o
/usr/bin/c++   -I/home/ghal/git/DATX05/pstclassifierseqan/seqan3/include -I/home/ghal/git/DATX05/pstclassifierseqan/seqan3/submodules/sdsl-lite/include -I/home/ghal/git/DATX05/pstclassifierseqan/seqan3/submodules/range-v3/include -I/home/ghal/git/DATX05/pstclassifierseqan/seqan3/submodules/cereal/include  -pthread -DCONCEPTS_FLAG-std=c++2a  -pthread -std=c++2a   -std=gnu++17 -o CMakeFiles/cmTC_2c91a.dir/src.cxx.o -c /home/ghal/git/DATX05/pstclassifierseqan/src/build/release/CMakeFiles/CMakeTmp/src.cxx
<command-line>: warning: ISO C++11 requires whitespace after the macro name
/home/ghal/git/DATX05/pstclassifierseqan/src/build/release/CMakeFiles/CMakeTmp/src.cxx:1:16: error: ‘__cpp_concepts’ was not declared in this scope
    1 | static_assert (__cpp_concepts >= 201507);
      |                ^~~~~~~~~~~~~~
make[1]: *** [CMakeFiles/cmTC_2c91a.dir/build.make:66: CMakeFiles/cmTC_2c91a.dir/src.cxx.o] Error 1
make[1]: Leaving directory '/home/ghal/git/DATX05/pstclassifierseqan/src/build/release/CMakeFiles/CMakeTmp'
make: *** [Makefile:121: cmTC_2c91a/fast] Error 2


Source file was:
static_assert (__cpp_concepts >= 201507);
    int main() {}
Performing C++ SOURCE FILE Test CONCEPTS_FLAG-std=c++20 failed with the following output:
Change Dir: /home/ghal/git/DATX05/pstclassifierseqan/src/build/release/CMakeFiles/CMakeTmp

Run Build Command(s):/usr/bin/make cmTC_960a9/fast && /usr/bin/make -f CMakeFiles/cmTC_960a9.dir/build.make CMakeFiles/cmTC_960a9.dir/build
make[1]: Entering directory '/home/ghal/git/DATX05/pstclassifierseqan/src/build/release/CMakeFiles/CMakeTmp'
Building CXX object CMakeFiles/cmTC_960a9.dir/src.cxx.o
/usr/bin/c++   -I/home/ghal/git/DATX05/pstclassifierseqan/seqan3/include -I/home/ghal/git/DATX05/pstclassifierseqan/seqan3/submodules/sdsl-lite/include -I/home/ghal/git/DATX05/pstclassifierseqan/seqan3/submodules/range-v3/include -I/home/ghal/git/DATX05/pstclassifierseqan/seqan3/submodules/cereal/include  -pthread -DCONCEPTS_FLAG-std=c++20  -pthread -std=c++20   -std=gnu++17 -o CMakeFiles/cmTC_960a9.dir/src.cxx.o -c /home/ghal/git/DATX05/pstclassifierseqan/src/build/release/CMakeFiles/CMakeTmp/src.cxx
c++: error: unrecognized command line option ‘-std=c++20’; did you mean ‘-std=c++2a’?
make[1]: *** [CMakeFiles/cmTC_960a9.dir/build.make:66: CMakeFiles/cmTC_960a9.dir/src.cxx.o] Error 1
make[1]: Leaving directory '/home/ghal/git/DATX05/pstclassifierseqan/src/build/release/CMakeFiles/CMakeTmp'
make: *** [Makefile:121: cmTC_960a9/fast] Error 2


Source file was:
static_assert (__cpp_concepts >= 201507);
    int main() {}
Performing C++ SOURCE FILE Test CONCEPTS_FLAG-std=c++2a failed with the following output:
Change Dir: /home/ghal/git/DATX05/pstclassifierseqan/src/build/release/CMakeFiles/CMakeTmp

Run Build Command(s):/usr/bin/make cmTC_5e706/fast && /usr/bin/make -f CMakeFiles/cmTC_5e706.dir/build.make CMakeFiles/cmTC_5e706.dir/build
make[1]: Entering directory '/home/ghal/git/DATX05/pstclassifierseqan/src/build/release/CMakeFiles/CMakeTmp'
Building CXX object CMakeFiles/cmTC_5e706.dir/src.cxx.o
/usr/bin/c++   -I/home/ghal/git/DATX05/pstclassifierseqan/seqan3/include -I/home/ghal/git/DATX05/pstclassifierseqan/seqan3/submodules/sdsl-lite/include -I/home/ghal/git/DATX05/pstclassifierseqan/seqan3/submodules/range-v3/include -I/home/ghal/git/DATX05/pstclassifierseqan/seqan3/submodules/cereal/include  -pthread -DCONCEPTS_FLAG-std=c++2a  -pthread -std=c++2a   -std=gnu++17 -o CMakeFiles/cmTC_5e706.dir/src.cxx.o -c /home/ghal/git/DATX05/pstclassifierseqan/src/build/release/CMakeFiles/CMakeTmp/src.cxx
<command-line>: warning: ISO C++11 requires whitespace after the macro name
/home/ghal/git/DATX05/pstclassifierseqan/src/build/release/CMakeFiles/CMakeTmp/src.cxx:1:16: error: ‘__cpp_concepts’ was not declared in this scope
    1 | static_assert (__cpp_concepts >= 201507);
      |                ^~~~~~~~~~~~~~
make[1]: *** [CMakeFiles/cmTC_5e706.dir/build.make:66: CMakeFiles/cmTC_5e706.dir/src.cxx.o] Error 1
make[1]: Leaving directory '/home/ghal/git/DATX05/pstclassifierseqan/src/build/release/CMakeFiles/CMakeTmp'
make: *** [Makefile:121: cmTC_5e706/fast] Error 2


Source file was:
static_assert (__cpp_concepts >= 201507);
    int main() {}
Performing C++ SOURCE FILE Test CONCEPTS_FLAG-std=c++20 failed with the following output:
Change Dir: /home/ghal/git/DATX05/pstclassifierseqan/src/build/release/CMakeFiles/CMakeTmp

Run Build Command(s):/usr/bin/make cmTC_81560/fast && /usr/bin/make -f CMakeFiles/cmTC_81560.dir/build.make CMakeFiles/cmTC_81560.dir/build
make[1]: Entering directory '/home/ghal/git/DATX05/pstclassifierseqan/src/build/release/CMakeFiles/CMakeTmp'
Building CXX object CMakeFiles/cmTC_81560.dir/src.cxx.o
/usr/bin/c++   -I/home/ghal/git/DATX05/pstclassifierseqan/seqan3/include -I/home/ghal/git/DATX05/pstclassifierseqan/seqan3/submodules/sdsl-lite/include -I/home/ghal/git/DATX05/pstclassifierseqan/seqan3/submodules/range-v3/include -I/home/ghal/git/DATX05/pstclassifierseqan/seqan3/submodules/cereal/include  -pthread -DCONCEPTS_FLAG-std=c++20  -pthread -std=c++20   -std=gnu++17 -o CMakeFiles/cmTC_81560.dir/src.cxx.o -c /home/ghal/git/DATX05/pstclassifierseqan/src/build/release/CMakeFiles/CMakeTmp/src.cxx
c++: error: unrecognized command line option ‘-std=c++20’; did you mean ‘-std=c++2a’?
make[1]: *** [CMakeFiles/cmTC_81560.dir/build.make:66: CMakeFiles/cmTC_81560.dir/src.cxx.o] Error 1
make[1]: Leaving directory '/home/ghal/git/DATX05/pstclassifierseqan/src/build/release/CMakeFiles/CMakeTmp'
make: *** [Makefile:121: cmTC_81560/fast] Error 2


Source file was:
static_assert (__cpp_concepts >= 201507);
    int main() {}
Performing C++ SOURCE FILE Test CONCEPTS_FLAG-std=c++2a failed with the following output:
Change Dir: /home/ghal/git/DATX05/pstclassifierseqan/src/build/release/CMakeFiles/CMakeTmp

Run Build Command(s):/usr/bin/make cmTC_0df5f/fast && /usr/bin/make -f CMakeFiles/cmTC_0df5f.dir/build.make CMakeFiles/cmTC_0df5f.dir/build
make[1]: Entering directory '/home/ghal/git/DATX05/pstclassifierseqan/src/build/release/CMakeFiles/CMakeTmp'
Building CXX object CMakeFiles/cmTC_0df5f.dir/src.cxx.o
/usr/bin/c++   -I/home/ghal/git/DATX05/pstclassifierseqan/seqan3/include -I/home/ghal/git/DATX05/pstclassifierseqan/seqan3/submodules/sdsl-lite/include -I/home/ghal/git/DATX05/pstclassifierseqan/seqan3/submodules/range-v3/include -I/home/ghal/git/DATX05/pstclassifierseqan/seqan3/submodules/cereal/include  -pthread -DCONCEPTS_FLAG-std=c++2a  -pthread -std=c++2a   -std=gnu++17 -o CMakeFiles/cmTC_0df5f.dir/src.cxx.o -c /home/ghal/git/DATX05/pstclassifierseqan/src/build/release/CMakeFiles/CMakeTmp/src.cxx
<command-line>: warning: ISO C++11 requires whitespace after the macro name
/home/ghal/git/DATX05/pstclassifierseqan/src/build/release/CMakeFiles/CMakeTmp/src.cxx:1:16: error: ‘__cpp_concepts’ was not declared in this scope
    1 | static_assert (__cpp_concepts >= 201507);
      |                ^~~~~~~~~~~~~~
make[1]: *** [CMakeFiles/cmTC_0df5f.dir/build.make:66: CMakeFiles/cmTC_0df5f.dir/src.cxx.o] Error 1
make[1]: Leaving directory '/home/ghal/git/DATX05/pstclassifierseqan/src/build/release/CMakeFiles/CMakeTmp'
make: *** [Makefile:121: cmTC_0df5f/fast] Error 2


Source file was:
static_assert (__cpp_concepts >= 201507);
    int main() {}
